Using pre-set license
Built from '2021.1/release' branch; Version is '2021.1.0f1 (61a549675243) revision 6399305'; Using compiler version '192528614'; Build Type 'Release'
OS: 'Windows 10 Pro; OS build 19042.1110; Version 2009; 64bit' Language: 'en' Physical Memory: 8183 MB
BatchMode: 1, IsHumanControllingUs: 0, StartBugReporterOnCrash: 0, Is64bit: 1, IsPro: 0

 COMMAND LINE ARGUMENTS:
C:\Program Files\Unity\Hub\Editor\2021.1.0f1\Editor\Unity.exe
-adb2
-batchMode
-noUpm
-name
AssetImportWorker0
-projectPath
C:/Users/Fire/Desktop/Jelly/Jelly
-logFile
Logs/AssetImportWorker0.log
-srvPort
62208
Successfully changed project path to: C:/Users/Fire/Desktop/Jelly/Jelly
C:/Users/Fire/Desktop/Jelly/Jelly
Using Asset Import Pipeline V2.
Refreshing native plugins compatible for Editor in 123.78 ms, found 1 plugins.
Preloading 0 native plugins for Editor in 0.00 ms.
Initialize engine version: 2021.1.0f1 (61a549675243)
[Subsystems] Discovering subsystems at path C:/Program Files/Unity/Hub/Editor/2021.1.0f1/Editor/Data/Resources/UnitySubsystems
[Subsystems] Discovering subsystems at path C:/Users/Fire/Desktop/Jelly/Jelly/Assets
GfxDevice: creating device client; threaded=0; jobified=0
Direct3D:
    Version:  Direct3D 11.0 [level 11.1]
    Renderer: NVIDIA GeForce GTX 1070 (ID=0x1b81)
    Vendor:   NVIDIA
    VRAM:     8088 MB
    Driver:   27.21.14.6172
Initialize mono
Mono path[0] = 'C:/Program Files/Unity/Hub/Editor/2021.1.0f1/Editor/Data/Managed'
Mono path[1] = 'C:/Program Files/Unity/Hub/Editor/2021.1.0f1/Editor/Data/MonoBleedingEdge/lib/mono/unityjit'
Mono config path = 'C:/Program Files/Unity/Hub/Editor/2021.1.0f1/Editor/Data/MonoBleedingEdge/etc'
Using monoOptions --debugger-agent=transport=dt_socket,embedding=1,server=y,suspend=n,address=127.0.0.1:56332
Begin MonoManager ReloadAssembly
Registering precompiled unity dll's ...
Register platform support module: C:/Program Files/Unity/Hub/Editor/2021.1.0f1/Editor/Data/PlaybackEngines/WindowsStandaloneSupport/UnityEditor.WindowsStandalone.Extensions.dll
Registered in 0.002845 seconds.
Native extension for WindowsStandalone target not found
Refreshing native plugins compatible for Editor in 126.39 ms, found 1 plugins.
Preloading 0 native plugins for Editor in 0.00 ms.
Mono: successfully reloaded assembly
- Completed reload, in  2.321 seconds
Platform modules already initialized, skipping
Registering precompiled user dll's ...
Registered in 0.004613 seconds.
Begin MonoManager ReloadAssembly
Native extension for WindowsStandalone target not found
Refreshing native plugins compatible for Editor in 0.89 ms, found 1 plugins.
Preloading 0 native plugins for Editor in 0.00 ms.
Mono: successfully reloaded assembly
- Completed reload, in  1.650 seconds
Platform modules already initialized, skipping
========================================================================
Worker process is ready to serve import requests
Launched and connected shader compiler UnityShaderCompiler.exe after 0.07 seconds
Refreshing native plugins compatible for Editor in 0.95 ms, found 1 plugins.
Preloading 0 native plugins for Editor in 0.00 ms.
Unloading 2706 Unused Serialized files (Serialized files now loaded: 0)
System memory in use before: 111.5 MB.
System memory in use after: 111.7 MB.

Unloading 15 unused Assets to reduce memory usage. Loaded Objects now: 3173.
Total: 3.557100 ms (FindLiveObjects: 0.466300 ms CreateObjectMapping: 0.153200 ms MarkObjects: 2.797400 ms  DeleteObjects: 0.137900 ms)

========================================================================
Received Import Request.
  path: Assets/Scenes/SampleScene.unity
  artifactKey: Guid(9fc0d4010bbf28b4594072e72b8655ab) Importer(815301076,1909f56bfc062723c751e8b465ee728b)
Start importing Assets/Scenes/SampleScene.unity using Guid(9fc0d4010bbf28b4594072e72b8655ab) Importer(815301076,1909f56bfc062723c751e8b465ee728b)  -> (artifact id: 'd7ee3540c3cd7af625076e211890493c') in 0.031518 seconds 
========================================================================
Received Import Request.
  Time since last request: 399.828825 seconds.
  path: Assets/New Terrain.asset
  artifactKey: Guid(f9a20c491fb356a429415ccef9b42da3) Importer(2089858483,934ff659095e30574adcf32a4c2f97b5)
Start importing Assets/New Terrain.asset using Guid(f9a20c491fb356a429415ccef9b42da3) Importer(2089858483,934ff659095e30574adcf32a4c2f97b5)  -> (artifact id: 'b7af1c9b03b8d18c9d35fdaed40ad20d') in 0.139382 seconds 
========================================================================
Received Import Request.
  Time since last request: 0.000750 seconds.
  path: Assets/Scripts/PlayerMove.cs
  artifactKey: Guid(0b83ff5003dffa544874ad692e60aec9) Importer(2089858483,934ff659095e30574adcf32a4c2f97b5)
Start importing Assets/Scripts/PlayerMove.cs using Guid(0b83ff5003dffa544874ad692e60aec9) Importer(2089858483,934ff659095e30574adcf32a4c2f97b5)  -> (artifact id: 'f85a78d3da71fa3ab586a4798c7739fc') in 0.063899 seconds 
========================================================================
Received Import Request.
  Time since last request: 0.000323 seconds.
  path: Assets/Scenes/GamePlay.unity
  artifactKey: Guid(05d110458a9775345b240668a21f09e3) Importer(2089858483,934ff659095e30574adcf32a4c2f97b5)
Start importing Assets/Scenes/GamePlay.unity using Guid(05d110458a9775345b240668a21f09e3) Importer(2089858483,934ff659095e30574adcf32a4c2f97b5)  -> (artifact id: 'b524e36676840ff64abb6c30b7694c95') in 0.035971 seconds 
========================================================================
Received Import Request.
  Time since last request: 0.000396 seconds.
  path: Assets/Prefabs/Sausage.prefab
  artifactKey: Guid(150e3217135fe944f8f78ac3516ee3c6) Importer(2089858483,934ff659095e30574adcf32a4c2f97b5)
Start importing Assets/Prefabs/Sausage.prefab using Guid(150e3217135fe944f8f78ac3516ee3c6) Importer(2089858483,934ff659095e30574adcf32a4c2f97b5)  -> (artifact id: 'e528d58802dc0040b3674233cc87cc31') in 0.026418 seconds 
========================================================================
Received Import Request.
  Time since last request: 0.000332 seconds.
  path: Assets/Scripts/CameraFollow.cs
  artifactKey: Guid(6cb779aa6117aad4c8facc3392e5c973) Importer(2089858483,934ff659095e30574adcf32a4c2f97b5)
Start importing Assets/Scripts/CameraFollow.cs using Guid(6cb779aa6117aad4c8facc3392e5c973) Importer(2089858483,934ff659095e30574adcf32a4c2f97b5)  -> (artifact id: '58a3015fa9af6c514a22d122069caa85') in 0.022014 seconds 
========================================================================
Received Import Request.
  Time since last request: 0.000354 seconds.
  path: Assets/Prefabs/Ramp1.prefab
  artifactKey: Guid(222a716bd3c7c174581bb9300d4879ed) Importer(2089858483,934ff659095e30574adcf32a4c2f97b5)
Start importing Assets/Prefabs/Ramp1.prefab using Guid(222a716bd3c7c174581bb9300d4879ed) Importer(2089858483,934ff659095e30574adcf32a4c2f97b5)  -> (artifact id: 'c78e1b7e1fbc6c1f8b97e45f0141f4e5') in 0.020046 seconds 
========================================================================
Received Import Request.
  Time since last request: 0.000359 seconds.
  path: Assets/Scripts/Test/JellyMesh.cs
  artifactKey: Guid(14392f5a787d4c446a5bd5e92edc722f) Importer(2089858483,934ff659095e30574adcf32a4c2f97b5)
Start importing Assets/Scripts/Test/JellyMesh.cs using Guid(14392f5a787d4c446a5bd5e92edc722f) Importer(2089858483,934ff659095e30574adcf32a4c2f97b5)  -> (artifact id: '6ac2a518309c007b07a55285fd22d252') in 0.021443 seconds 
========================================================================
Received Import Request.
  Time since last request: 0.000358 seconds.
  path: Assets/Materials/TrajectoryDot.mat
  artifactKey: Guid(fd7ad0711f273b94b81763acfd173afb) Importer(2089858483,934ff659095e30574adcf32a4c2f97b5)
Start importing Assets/Materials/TrajectoryDot.mat using Guid(fd7ad0711f273b94b81763acfd173afb) Importer(2089858483,934ff659095e30574adcf32a4c2f97b5)  -> (artifact id: '5183aee85058c9ad3c09db1756f985b2') in 0.040303 seconds 
========================================================================
Received Import Request.
  Time since last request: 0.000354 seconds.
  path: Assets/Scripts/GameManager.cs
  artifactKey: Guid(449c3d91c1a730f4ebd533bf369e66b1) Importer(2089858483,934ff659095e30574adcf32a4c2f97b5)
Start importing Assets/Scripts/GameManager.cs using Guid(449c3d91c1a730f4ebd533bf369e66b1) Importer(2089858483,934ff659095e30574adcf32a4c2f97b5)  -> (artifact id: 'aecf7c9d46b766c3db419a6f106385ac') in 0.020240 seconds 
========================================================================
Received Import Request.
  Time since last request: 0.000379 seconds.
  path: Assets/Scripts/Player.cs
  artifactKey: Guid(5e61f065b1beb7049a4d56d45be43486) Importer(2089858483,934ff659095e30574adcf32a4c2f97b5)
Start importing Assets/Scripts/Player.cs using Guid(5e61f065b1beb7049a4d56d45be43486) Importer(2089858483,934ff659095e30574adcf32a4c2f97b5)  -> (artifact id: 'e5986941994f84bfff1f2d1903176474') in 0.021456 seconds 
========================================================================
Received Import Request.
  Time since last request: 0.000316 seconds.
  path: Assets/Materials/Trail.mat
  artifactKey: Guid(eff3ed483141ffb4aac5d2cbd5458edf) Importer(2089858483,934ff659095e30574adcf32a4c2f97b5)
Start importing Assets/Materials/Trail.mat using Guid(eff3ed483141ffb4aac5d2cbd5458edf) Importer(2089858483,934ff659095e30574adcf32a4c2f97b5)  -> (artifact id: '4baeb6ff946e9fc4caf73b5973898992') in 0.023258 seconds 
========================================================================
Received Import Request.
  Time since last request: 0.000341 seconds.
  path: Assets/Scenes/SampleScene.unity
  artifactKey: Guid(9fc0d4010bbf28b4594072e72b8655ab) Importer(2089858483,934ff659095e30574adcf32a4c2f97b5)
Start importing Assets/Scenes/SampleScene.unity using Guid(9fc0d4010bbf28b4594072e72b8655ab) Importer(2089858483,934ff659095e30574adcf32a4c2f97b5)  -> (artifact id: '8f19a9f5d057393e78754b4de5e4b5a0') in 0.020528 seconds 
========================================================================
Received Import Request.
  Time since last request: 0.000466 seconds.
  path: Assets/Scripts/Trajectory.cs
  artifactKey: Guid(d13c9aa8bfb64434caace9ba263eaa24) Importer(2089858483,934ff659095e30574adcf32a4c2f97b5)
Start importing Assets/Scripts/Trajectory.cs using Guid(d13c9aa8bfb64434caace9ba263eaa24) Importer(2089858483,934ff659095e30574adcf32a4c2f97b5)  -> (artifact id: '53c69de1af25fa4508f909b8c45c383d') in 0.020261 seconds 
========================================================================
Received Import Request.
  Time since last request: 0.000384 seconds.
  path: Assets/Model/Sausage.fbx
  artifactKey: Guid(b6c95b3528ffa6f4fa61586f8ae6161e) Importer(2089858483,934ff659095e30574adcf32a4c2f97b5)
Start importing Assets/Model/Sausage.fbx using Guid(b6c95b3528ffa6f4fa61586f8ae6161e) Importer(2089858483,934ff659095e30574adcf32a4c2f97b5)  -> (artifact id: '1d9027de638fb72273f6f8aa1139da37') in 0.079117 seconds 
========================================================================
Received Import Request.
  Time since last request: 0.000389 seconds.
  path: Assets/Model/aiStandardSurface1.mat
  artifactKey: Guid(607e3df1e5a971f4694eda9c6f11737f) Importer(2089858483,934ff659095e30574adcf32a4c2f97b5)
Start importing Assets/Model/aiStandardSurface1.mat using Guid(607e3df1e5a971f4694eda9c6f11737f) Importer(2089858483,934ff659095e30574adcf32a4c2f97b5)  -> (artifact id: 'f7df8b1a525290161739e9c93bdf6215') in 0.033268 seconds 
========================================================================
Received Import Request.
  Time since last request: 0.000347 seconds.
  path: Assets/Materials/SkyBox.mat
  artifactKey: Guid(1a8d7d1d6d1b99847ac83bd164d01730) Importer(2089858483,934ff659095e30574adcf32a4c2f97b5)
Start importing Assets/Materials/SkyBox.mat using Guid(1a8d7d1d6d1b99847ac83bd164d01730) Importer(2089858483,934ff659095e30574adcf32a4c2f97b5)  -> (artifact id: '954c82c09a58205d2f3927e4acc38948') in 0.022136 seconds 
========================================================================
Received Import Request.
  Time since last request: 0.000369 seconds.
  path: Assets/Model/Ramp1.fbx
  artifactKey: Guid(17a3db888195e714baa0348ffb942423) Importer(2089858483,934ff659095e30574adcf32a4c2f97b5)
Start importing Assets/Model/Ramp1.fbx using Guid(17a3db888195e714baa0348ffb942423) Importer(2089858483,934ff659095e30574adcf32a4c2f97b5)  -> (artifact id: 'ad9c4c8a41fd624ea6832adf534d3f89') in 0.020972 seconds 
========================================================================
Received Import Request.
  Time since last request: 0.000404 seconds.
  path: Assets/Materials/Sausage.physicMaterial
  artifactKey: Guid(78e36eae880065f478bb30c76304ee67) Importer(2089858483,934ff659095e30574adcf32a4c2f97b5)
Start importing Assets/Materials/Sausage.physicMaterial using Guid(78e36eae880065f478bb30c76304ee67) Importer(2089858483,934ff659095e30574adcf32a4c2f97b5)  -> (artifact id: '1f354849e1ff16a52021e1375b7602a7') in 0.017589 seconds 
========================================================================
Received Import Request.
  Time since last request: 0.000351 seconds.
  path: Assets/Materials/Square.png
  artifactKey: Guid(6f2009f03a8295f4fb669909bd63cd55) Importer(2089858483,934ff659095e30574adcf32a4c2f97b5)
Start importing Assets/Materials/Square.png using Guid(6f2009f03a8295f4fb669909bd63cd55) Importer(2089858483,934ff659095e30574adcf32a4c2f97b5)  -> (artifact id: 'f1a056cf59667610e30379c4f6484f36') in 0.043485 seconds 
========================================================================
Received Import Request.
  Time since last request: 0.000341 seconds.
  path: Assets/Scripts/HandController.cs
  artifactKey: Guid(23f40d19b9393214284251f57c9228ba) Importer(2089858483,934ff659095e30574adcf32a4c2f97b5)
Start importing Assets/Scripts/HandController.cs using Guid(23f40d19b9393214284251f57c9228ba) Importer(2089858483,934ff659095e30574adcf32a4c2f97b5)  -> (artifact id: 'aa94bfa8d9963b1f01e0a247921579fc') in 0.021518 seconds 
========================================================================
Received Import Request.
  Time since last request: 0.000328 seconds.
  path: Assets/Prefabs/TrajectoryDot.prefab
  artifactKey: Guid(f24f1c2bbd861f6418c23acde5bcae53) Importer(2089858483,934ff659095e30574adcf32a4c2f97b5)
Start importing Assets/Prefabs/TrajectoryDot.prefab using Guid(f24f1c2bbd861f6418c23acde5bcae53) Importer(2089858483,934ff659095e30574adcf32a4c2f97b5)  -> (artifact id: '6e334fcc72136032c3dd5a7a0700a49b') in 0.020526 seconds 
========================================================================
Received Import Request.
  Time since last request: 483.629502 seconds.
  path: Assets/Sprites
  artifactKey: Guid(23692c4bdb2abc84b9884f9fa90f9e51) Importer(815301076,1909f56bfc062723c751e8b465ee728b)
Start importing Assets/Sprites using Guid(23692c4bdb2abc84b9884f9fa90f9e51) Importer(815301076,1909f56bfc062723c751e8b465ee728b)  -> (artifact id: '4e0d489cbef1d9bdd7814b75d5ffd5fe') in 0.012336 seconds 
========================================================================
Received Import Request.
  Time since last request: 0.456556 seconds.
  path: Assets/Sprites
  artifactKey: Guid(23692c4bdb2abc84b9884f9fa90f9e51) Importer(2089858483,934ff659095e30574adcf32a4c2f97b5)
Start importing Assets/Sprites using Guid(23692c4bdb2abc84b9884f9fa90f9e51) Importer(2089858483,934ff659095e30574adcf32a4c2f97b5)  -> (artifact id: '0978af7834d92fb8d1d4ed9dee796912') in 0.032031 seconds 
========================================================================
Received Import Request.
  Time since last request: 23.389697 seconds.
  path: Assets/Materials/Trail.mat
  artifactKey: Guid(eff3ed483141ffb4aac5d2cbd5458edf) Importer(2089858483,934ff659095e30574adcf32a4c2f97b5)
Start importing Assets/Materials/Trail.mat using Guid(eff3ed483141ffb4aac5d2cbd5458edf) Importer(2089858483,934ff659095e30574adcf32a4c2f97b5)  -> (artifact id: 'd86ce2a5096a2b3841b24e7dd6764b90') in 0.014757 seconds 
========================================================================
Received Import Request.
  Time since last request: 19.640866 seconds.
  path: Assets/Sprites/Trail1.psd
  artifactKey: Guid(f73a784ecbfc6854fadb542948fc1fa6) Importer(2089858483,934ff659095e30574adcf32a4c2f97b5)
Start importing Assets/Sprites/Trail1.psd using Guid(f73a784ecbfc6854fadb542948fc1fa6) Importer(2089858483,934ff659095e30574adcf32a4c2f97b5)  -> (artifact id: '6453959fd4e94aafe83ea80a8f57cdea') in 0.033676 seconds 
========================================================================
Received Import Request.
  Time since last request: 16.787010 seconds.
  path: Assets/Sprites/Trail1.psd
  artifactKey: Guid(f73a784ecbfc6854fadb542948fc1fa6) Importer(815301076,1909f56bfc062723c751e8b465ee728b)
Start importing Assets/Sprites/Trail1.psd using Guid(f73a784ecbfc6854fadb542948fc1fa6) Importer(815301076,1909f56bfc062723c751e8b465ee728b)  -> (artifact id: 'a3e739836494913b3385f1aaf72acfde') in 0.091803 seconds 
========================================================================
Received Import Request.
  Time since last request: 129.923917 seconds.
  path: Assets/Sprites/Trail1 1.psd
  artifactKey: Guid(c2ee086be55ea1240b1712ee17c5ddf9) Importer(2089858483,934ff659095e30574adcf32a4c2f97b5)
Start importing Assets/Sprites/Trail1 1.psd using Guid(c2ee086be55ea1240b1712ee17c5ddf9) Importer(2089858483,934ff659095e30574adcf32a4c2f97b5)  -> (artifact id: '58b411f0719ef589338d498fad123c2b') in 0.032272 seconds 
========================================================================
Received Import Request.
  Time since last request: 4.332631 seconds.
  path: Assets/Sprites/Trail1 1.psd
  artifactKey: Guid(c2ee086be55ea1240b1712ee17c5ddf9) Importer(815301076,1909f56bfc062723c751e8b465ee728b)
Start importing Assets/Sprites/Trail1 1.psd using Guid(c2ee086be55ea1240b1712ee17c5ddf9) Importer(815301076,1909f56bfc062723c751e8b465ee728b)  -> (artifact id: '20e1d81bf38d7955a3a443b89f8df4a9') in 0.022199 seconds 
========================================================================
Received Import Request.
  Time since last request: 6.538968 seconds.
  path: Assets/Sprites/Trail1.psd
  artifactKey: Guid(c2ee086be55ea1240b1712ee17c5ddf9) Importer(815301076,1909f56bfc062723c751e8b465ee728b)
Start importing Assets/Sprites/Trail1.psd using Guid(c2ee086be55ea1240b1712ee17c5ddf9) Importer(815301076,1909f56bfc062723c751e8b465ee728b)  -> (artifact id: '3a9f68ff838d8a13b0bbaf23a2477acc') in 0.014884 seconds 
========================================================================
Received Import Request.
  Time since last request: 0.435443 seconds.
  path: Assets/Sprites/Trail1.psd
  artifactKey: Guid(c2ee086be55ea1240b1712ee17c5ddf9) Importer(2089858483,934ff659095e30574adcf32a4c2f97b5)
Start importing Assets/Sprites/Trail1.psd using Guid(c2ee086be55ea1240b1712ee17c5ddf9) Importer(2089858483,934ff659095e30574adcf32a4c2f97b5)  -> (artifact id: '54d29042e3a7543dc6fb3fa7056cfa90') in 0.026300 seconds 
========================================================================
Received Import Request.
  Time since last request: 1854.851949 seconds.
  path: Assets/Materials/Trail1.tga
  artifactKey: Guid(1e9ba54eaa66c674f86ca2cdc16ecb14) Importer(2089858483,934ff659095e30574adcf32a4c2f97b5)
Start importing Assets/Materials/Trail1.tga using Guid(1e9ba54eaa66c674f86ca2cdc16ecb14) Importer(2089858483,934ff659095e30574adcf32a4c2f97b5)  -> (artifact id: 'eebbbf2706346708b64a78fed612529a') in 0.040297 seconds 
========================================================================
Received Import Request.
  Time since last request: 7.498389 seconds.
  path: Assets/Sprites/Trail1.tga
  artifactKey: Guid(1e9ba54eaa66c674f86ca2cdc16ecb14) Importer(815301076,1909f56bfc062723c751e8b465ee728b)
Start importing Assets/Sprites/Trail1.tga using Guid(1e9ba54eaa66c674f86ca2cdc16ecb14) Importer(815301076,1909f56bfc062723c751e8b465ee728b)  -> (artifact id: 'f768b13f3dfef854035c9549a210323f') in 0.035090 seconds 
========================================================================
Received Import Request.
  Time since last request: 680.410578 seconds.
  path: Assets/Animation
  artifactKey: Guid(353bafff70a6de647b058a90ecb7b901) Importer(2089858483,934ff659095e30574adcf32a4c2f97b5)
Start importing Assets/Animation using Guid(353bafff70a6de647b058a90ecb7b901) Importer(2089858483,934ff659095e30574adcf32a4c2f97b5)  -> (artifact id: '1a9eb7bbf897cbdb221c198cff263608') in 0.100920 seconds 
========================================================================
Received Import Request.
  Time since last request: 0.000345 seconds.
  path: Assets/Animation/Target.controller
  artifactKey: Guid(e4239e425523eb4498488e3ee788a870) Importer(2089858483,934ff659095e30574adcf32a4c2f97b5)
Start importing Assets/Animation/Target.controller using Guid(e4239e425523eb4498488e3ee788a870) Importer(2089858483,934ff659095e30574adcf32a4c2f97b5)  -> (artifact id: 'c4576948c74f6bc810a9da76e3ca24fd') in 0.036876 seconds 
========================================================================
Received Import Request.
  Time since last request: 0.000378 seconds.
  path: Assets/Animation/Trail.anim
  artifactKey: Guid(5e567960f96962642b551a3a87e57d6e) Importer(2089858483,934ff659095e30574adcf32a4c2f97b5)
Start importing Assets/Animation/Trail.anim using Guid(5e567960f96962642b551a3a87e57d6e) Importer(2089858483,934ff659095e30574adcf32a4c2f97b5)  -> (artifact id: '2213060194103534fc32520933f0f84c') in 0.021213 seconds 
========================================================================
Received Import Request.
  Time since last request: 207.668643 seconds.
  path: Assets/Scripts/Test/TrailAnimation.cs
  artifactKey: Guid(7962881f0dd119a49bad6a4690e206ac) Importer(2089858483,934ff659095e30574adcf32a4c2f97b5)
Start importing Assets/Scripts/Test/TrailAnimation.cs using Guid(7962881f0dd119a49bad6a4690e206ac) Importer(2089858483,934ff659095e30574adcf32a4c2f97b5)  -> (artifact id: 'fa80abe9fa3dacb355a0bb25779fe144') in 0.043444 seconds 
========================================================================
Received Import Request.
  Time since last request: 0.000414 seconds.
  path: Assets/Scripts/Test/TrailAnimation.cs
  artifactKey: Guid(7962881f0dd119a49bad6a4690e206ac) Importer(815301076,1909f56bfc062723c751e8b465ee728b)
Start importing Assets/Scripts/Test/TrailAnimation.cs using Guid(7962881f0dd119a49bad6a4690e206ac) Importer(815301076,1909f56bfc062723c751e8b465ee728b)  -> (artifact id: 'c22f6518749f5136fe600a12a0e75a1a') in 0.016284 seconds 
========================================================================
Received Import Request.
  Time since last request: 233.406761 seconds.
  path: Assets/Scripts/Test/TrailAnimation.cs
  artifactKey: Guid(7962881f0dd119a49bad6a4690e206ac) Importer(815301076,1909f56bfc062723c751e8b465ee728b)
Start importing Assets/Scripts/Test/TrailAnimation.cs using Guid(7962881f0dd119a49bad6a4690e206ac) Importer(815301076,1909f56bfc062723c751e8b465ee728b)  -> (artifact id: '78fbac2cf13eb6d04adef9a1c396dcac') in 0.043609 seconds 
========================================================================
Received Import Request.
  Time since last request: 0.401976 seconds.
  path: Assets/Scripts/Test/TrailAnimation.cs
  artifactKey: Guid(7962881f0dd119a49bad6a4690e206ac) Importer(2089858483,934ff659095e30574adcf32a4c2f97b5)
Start importing Assets/Scripts/Test/TrailAnimation.cs using Guid(7962881f0dd119a49bad6a4690e206ac) Importer(2089858483,934ff659095e30574adcf32a4c2f97b5)  -> (artifact id: 'cbaf9a8e6cff9ac1ebc55d22b734b9fa') in 0.050263 seconds 
========================================================================
Received Prepare
Registering precompiled user dll's ...
Registered in 0.010164 seconds.
Begin MonoManager ReloadAssembly
Native extension for WindowsStandalone target not found
Refreshing native plugins compatible for Editor in 1.14 ms, found 1 plugins.
Preloading 0 native plugins for Editor in 0.00 ms.
Mono: successfully reloaded assembly
- Completed reload, in  2.170 seconds
Platform modules already initialized, skipping
Refreshing native plugins compatible for Editor in 0.88 ms, found 1 plugins.
Preloading 0 native plugins for Editor in 0.00 ms.
Unloading 2703 Unused Serialized files (Serialized files now loaded: 0)
System memory in use before: 113.4 MB.
System memory in use after: 113.6 MB.

Unloading 10 unused Assets to reduce memory usage. Loaded Objects now: 3236.
Total: 4.086500 ms (FindLiveObjects: 0.391600 ms CreateObjectMapping: 0.261500 ms MarkObjects: 3.327400 ms  DeleteObjects: 0.103600 ms)

========================================================================
Received Prepare
Registering precompiled user dll's ...
Registered in 0.005605 seconds.
Begin MonoManager ReloadAssembly
Native extension for WindowsStandalone target not found
Refreshing native plugins compatible for Editor in 0.92 ms, found 1 plugins.
Preloading 0 native plugins for Editor in 0.00 ms.
Mono: successfully reloaded assembly
- Completed reload, in  1.671 seconds
Platform modules already initialized, skipping
Refreshing native plugins compatible for Editor in 0.87 ms, found 1 plugins.
Preloading 0 native plugins for Editor in 0.00 ms.
Unloading 2702 Unused Serialized files (Serialized files now loaded: 0)
System memory in use before: 113.3 MB.
System memory in use after: 113.5 MB.

Unloading 10 unused Assets to reduce memory usage. Loaded Objects now: 3239.
Total: 4.000900 ms (FindLiveObjects: 0.451600 ms CreateObjectMapping: 0.162600 ms MarkObjects: 3.276600 ms  DeleteObjects: 0.107300 ms)

========================================================================
Received Prepare
Registering precompiled user dll's ...
Registered in 0.006195 seconds.
Begin MonoManager ReloadAssembly
Native extension for WindowsStandalone target not found
Refreshing native plugins compatible for Editor in 0.87 ms, found 1 plugins.
Preloading 0 native plugins for Editor in 0.00 ms.
Mono: successfully reloaded assembly
- Completed reload, in  1.814 seconds
Platform modules already initialized, skipping
Refreshing native plugins compatible for Editor in 1.12 ms, found 1 plugins.
Preloading 0 native plugins for Editor in 0.00 ms.
Unloading 2702 Unused Serialized files (Serialized files now loaded: 0)
System memory in use before: 113.4 MB.
System memory in use after: 113.6 MB.

Unloading 10 unused Assets to reduce memory usage. Loaded Objects now: 3242.
Total: 5.742300 ms (FindLiveObjects: 0.616500 ms CreateObjectMapping: 0.277400 ms MarkObjects: 4.728700 ms  DeleteObjects: 0.115900 ms)

========================================================================
Received Prepare
Registering precompiled user dll's ...
Registered in 0.008051 seconds.
Begin MonoManager ReloadAssembly
Native extension for WindowsStandalone target not found
Refreshing native plugins compatible for Editor in 1.08 ms, found 1 plugins.
Preloading 0 native plugins for Editor in 0.00 ms.
Mono: successfully reloaded assembly
- Completed reload, in  2.974 seconds
Platform modules already initialized, skipping
Refreshing native plugins compatible for Editor in 1.49 ms, found 1 plugins.
Preloading 0 native plugins for Editor in 0.00 ms.
Unloading 2702 Unused Serialized files (Serialized files now loaded: 0)
System memory in use before: 113.4 MB.
System memory in use after: 113.6 MB.

Unloading 10 unused Assets to reduce memory usage. Loaded Objects now: 3245.
Total: 3.745600 ms (FindLiveObjects: 0.409800 ms CreateObjectMapping: 0.151000 ms MarkObjects: 3.073300 ms  DeleteObjects: 0.108800 ms)

========================================================================
Received Prepare
Registering precompiled user dll's ...
Registered in 0.006110 seconds.
Begin MonoManager ReloadAssembly
Native extension for WindowsStandalone target not found
Refreshing native plugins compatible for Editor in 1.78 ms, found 1 plugins.
Preloading 0 native plugins for Editor in 0.00 ms.
Mono: successfully reloaded assembly
- Completed reload, in  2.268 seconds
Platform modules already initialized, skipping
Refreshing native plugins compatible for Editor in 0.95 ms, found 1 plugins.
Preloading 0 native plugins for Editor in 0.00 ms.
Unloading 2702 Unused Serialized files (Serialized files now loaded: 0)
System memory in use before: 113.4 MB.
System memory in use after: 113.6 MB.

Unloading 10 unused Assets to reduce memory usage. Loaded Objects now: 3248.
Total: 5.184600 ms (FindLiveObjects: 0.739700 ms CreateObjectMapping: 0.221700 ms MarkObjects: 4.109300 ms  DeleteObjects: 0.111400 ms)

========================================================================
Received Prepare
Registering precompiled user dll's ...
Registered in 0.004694 seconds.
Begin MonoManager ReloadAssembly
Native extension for WindowsStandalone target not found
Refreshing native plugins compatible for Editor in 0.88 ms, found 1 plugins.
Preloading 0 native plugins for Editor in 0.00 ms.
Mono: successfully reloaded assembly
- Completed reload, in  1.761 seconds
Platform modules already initialized, skipping
Refreshing native plugins compatible for Editor in 0.90 ms, found 1 plugins.
Preloading 0 native plugins for Editor in 0.00 ms.
Unloading 2702 Unused Serialized files (Serialized files now loaded: 0)
System memory in use before: 113.4 MB.
System memory in use after: 113.6 MB.

Unloading 10 unused Assets to reduce memory usage. Loaded Objects now: 3251.
Total: 3.787700 ms (FindLiveObjects: 0.509800 ms CreateObjectMapping: 0.179900 ms MarkObjects: 2.993200 ms  DeleteObjects: 0.102100 ms)

========================================================================
Received Prepare
Registering precompiled user dll's ...
Registered in 0.004840 seconds.
Begin MonoManager ReloadAssembly
Native extension for WindowsStandalone target not found
Refreshing native plugins compatible for Editor in 0.90 ms, found 1 plugins.
Preloading 0 native plugins for Editor in 0.00 ms.
Mono: successfully reloaded assembly
- Completed reload, in  1.728 seconds
Platform modules already initialized, skipping
Refreshing native plugins compatible for Editor in 0.95 ms, found 1 plugins.
Preloading 0 native plugins for Editor in 0.00 ms.
Unloading 2702 Unused Serialized files (Serialized files now loaded: 0)
System memory in use before: 113.4 MB.
System memory in use after: 113.6 MB.

Unloading 10 unused Assets to reduce memory usage. Loaded Objects now: 3254.
Total: 3.506600 ms (FindLiveObjects: 0.404800 ms CreateObjectMapping: 0.151200 ms MarkObjects: 2.849800 ms  DeleteObjects: 0.098500 ms)

========================================================================
Received Prepare
Registering precompiled user dll's ...
Registered in 0.006110 seconds.
Begin MonoManager ReloadAssembly
Native extension for WindowsStandalone target not found
Refreshing native plugins compatible for Editor in 1.25 ms, found 1 plugins.
Preloading 0 native plugins for Editor in 0.00 ms.
Mono: successfully reloaded assembly
- Completed reload, in  1.864 seconds
Platform modules already initialized, skipping
Refreshing native plugins compatible for Editor in 0.87 ms, found 1 plugins.
Preloading 0 native plugins for Editor in 0.00 ms.
Unloading 2702 Unused Serialized files (Serialized files now loaded: 0)
System memory in use before: 113.4 MB.
System memory in use after: 113.6 MB.

Unloading 10 unused Assets to reduce memory usage. Loaded Objects now: 3257.
Total: 4.529900 ms (FindLiveObjects: 0.561000 ms CreateObjectMapping: 0.182700 ms MarkObjects: 3.675900 ms  DeleteObjects: 0.107400 ms)

========================================================================
Received Prepare
Registering precompiled user dll's ...
Registered in 0.005231 seconds.
Begin MonoManager ReloadAssembly
Native extension for WindowsStandalone target not found
Refreshing native plugins compatible for Editor in 1.09 ms, found 1 plugins.
Preloading 0 native plugins for Editor in 0.00 ms.
Mono: successfully reloaded assembly
- Completed reload, in  2.369 seconds
Platform modules already initialized, skipping
Refreshing native plugins compatible for Editor in 1.26 ms, found 1 plugins.
Preloading 0 native plugins for Editor in 0.00 ms.
Unloading 2702 Unused Serialized files (Serialized files now loaded: 0)
System memory in use before: 113.4 MB.
System memory in use after: 113.6 MB.

Unloading 10 unused Assets to reduce memory usage. Loaded Objects now: 3260.
Total: 6.047700 ms (FindLiveObjects: 0.796300 ms CreateObjectMapping: 0.248400 ms MarkObjects: 4.878500 ms  DeleteObjects: 0.121900 ms)

========================================================================
Received Prepare
Registering precompiled user dll's ...
Registered in 0.005712 seconds.
Begin MonoManager ReloadAssembly
Native extension for WindowsStandalone target not found
Refreshing native plugins compatible for Editor in 0.98 ms, found 1 plugins.
Preloading 0 native plugins for Editor in 0.00 ms.
Mono: successfully reloaded assembly
- Completed reload, in  1.736 seconds
Platform modules already initialized, skipping
Refreshing native plugins compatible for Editor in 0.92 ms, found 1 plugins.
Preloading 0 native plugins for Editor in 0.00 ms.
Unloading 2702 Unused Serialized files (Serialized files now loaded: 0)
System memory in use before: 113.4 MB.
System memory in use after: 113.6 MB.

Unloading 10 unused Assets to reduce memory usage. Loaded Objects now: 3263.
Total: 3.935400 ms (FindLiveObjects: 0.561300 ms CreateObjectMapping: 0.158500 ms MarkObjects: 3.101600 ms  DeleteObjects: 0.111400 ms)

========================================================================
Received Prepare
Registering precompiled user dll's ...
Registered in 0.004744 seconds.
Begin MonoManager ReloadAssembly
Native extension for WindowsStandalone target not found
Refreshing native plugins compatible for Editor in 0.88 ms, found 1 plugins.
Preloading 0 native plugins for Editor in 0.00 ms.
Mono: successfully reloaded assembly
- Completed reload, in  1.564 seconds
Platform modules already initialized, skipping
Refreshing native plugins compatible for Editor in 0.89 ms, found 1 plugins.
Preloading 0 native plugins for Editor in 0.00 ms.
Unloading 2702 Unused Serialized files (Serialized files now loaded: 0)
System memory in use before: 113.4 MB.
System memory in use after: 113.6 MB.

Unloading 10 unused Assets to reduce memory usage. Loaded Objects now: 3266.
Total: 3.788000 ms (FindLiveObjects: 0.577800 ms CreateObjectMapping: 0.162700 ms MarkObjects: 2.935600 ms  DeleteObjects: 0.108700 ms)

========================================================================
Received Prepare
Registering precompiled user dll's ...
Registered in 0.004738 seconds.
Begin MonoManager ReloadAssembly
Native extension for WindowsStandalone target not found
Refreshing native plugins compatible for Editor in 1.00 ms, found 1 plugins.
Preloading 0 native plugins for Editor in 0.00 ms.
Mono: successfully reloaded assembly
- Completed reload, in  1.868 seconds
Platform modules already initialized, skipping
Refreshing native plugins compatible for Editor in 0.96 ms, found 1 plugins.
Preloading 0 native plugins for Editor in 0.00 ms.
Unloading 2702 Unused Serialized files (Serialized files now loaded: 0)
System memory in use before: 113.5 MB.
System memory in use after: 113.6 MB.

Unloading 10 unused Assets to reduce memory usage. Loaded Objects now: 3269.
Total: 3.748000 ms (FindLiveObjects: 0.406200 ms CreateObjectMapping: 0.151400 ms MarkObjects: 3.081600 ms  DeleteObjects: 0.106600 ms)

========================================================================
Received Prepare
Registering precompiled user dll's ...
Registered in 0.021106 seconds.
Begin MonoManager ReloadAssembly
Native extension for WindowsStandalone target not found
Refreshing native plugins compatible for Editor in 0.94 ms, found 1 plugins.
Preloading 0 native plugins for Editor in 0.00 ms.
Mono: successfully reloaded assembly
- Completed reload, in  1.720 seconds
Platform modules already initialized, skipping
Refreshing native plugins compatible for Editor in 0.88 ms, found 1 plugins.
Preloading 0 native plugins for Editor in 0.00 ms.
Unloading 2702 Unused Serialized files (Serialized files now loaded: 0)
System memory in use before: 113.5 MB.
System memory in use after: 113.7 MB.

Unloading 10 unused Assets to reduce memory usage. Loaded Objects now: 3272.
Total: 4.394100 ms (FindLiveObjects: 0.524300 ms CreateObjectMapping: 0.159100 ms MarkObjects: 3.576500 ms  DeleteObjects: 0.131000 ms)

========================================================================
Received Import Request.
  Time since last request: 4255.346816 seconds.
  path: Assets/Sprites/Trail1 1.tga
  artifactKey: Guid(10a29239a343e8447846180be60461d4) Importer(815301076,1909f56bfc062723c751e8b465ee728b)
Start importing Assets/Sprites/Trail1 1.tga using Guid(10a29239a343e8447846180be60461d4) Importer(815301076,1909f56bfc062723c751e8b465ee728b)  -> (artifact id: '84f8b269e87ce1c046ed68e1ff86a8b3') in 0.104681 seconds 
========================================================================
Received Prepare
Registering precompiled user dll's ...
Registered in 0.005516 seconds.
Begin MonoManager ReloadAssembly
Native extension for WindowsStandalone target not found
Refreshing native plugins compatible for Editor in 0.95 ms, found 1 plugins.
Preloading 0 native plugins for Editor in 0.00 ms.
Mono: successfully reloaded assembly
- Completed reload, in  1.617 seconds
Platform modules already initialized, skipping
Refreshing native plugins compatible for Editor in 0.87 ms, found 1 plugins.
Preloading 0 native plugins for Editor in 0.00 ms.
Unloading 2703 Unused Serialized files (Serialized files now loaded: 0)
System memory in use before: 114.2 MB.
System memory in use after: 114.4 MB.

Unloading 10 unused Assets to reduce memory usage. Loaded Objects now: 3290.
Total: 3.503400 ms (FindLiveObjects: 0.395200 ms CreateObjectMapping: 0.153300 ms MarkObjects: 2.853000 ms  DeleteObjects: 0.099900 ms)

========================================================================
Received Prepare
Registering precompiled user dll's ...
Registered in 0.005466 seconds.
Begin MonoManager ReloadAssembly
Native extension for WindowsStandalone target not found
Refreshing native plugins compatible for Editor in 0.93 ms, found 1 plugins.
Preloading 0 native plugins for Editor in 0.00 ms.
Mono: successfully reloaded assembly
- Completed reload, in  1.687 seconds
Platform modules already initialized, skipping
Refreshing native plugins compatible for Editor in 0.90 ms, found 1 plugins.
Preloading 0 native plugins for Editor in 0.00 ms.
Unloading 2702 Unused Serialized files (Serialized files now loaded: 0)
System memory in use before: 114.1 MB.
System memory in use after: 114.3 MB.

Unloading 10 unused Assets to reduce memory usage. Loaded Objects now: 3293.
Total: 3.636800 ms (FindLiveObjects: 0.411300 ms CreateObjectMapping: 0.153700 ms MarkObjects: 2.966000 ms  DeleteObjects: 0.103500 ms)

========================================================================
Received Import Request.
  Time since last request: 194.101182 seconds.
  path: Assets/Prefabs/Target.prefab
  artifactKey: Guid(9d18d12f4759a5d4e8a3ca3b25fab03b) Importer(815301076,1909f56bfc062723c751e8b465ee728b)
Start importing Assets/Prefabs/Target.prefab using Guid(9d18d12f4759a5d4e8a3ca3b25fab03b) Importer(815301076,1909f56bfc062723c751e8b465ee728b)  -> (artifact id: '2d35fddb67942b78bf9d7302e995842d') in 0.077119 seconds 
AssetImportWorkerClient::OnTransportError - code=2 error=End of file
