Using pre-set license
Built from '2021.1/release' branch; Version is '2021.1.0f1 (61a549675243) revision 6399305'; Using compiler version '192528614'; Build Type 'Release'
OS: 'Windows 10 Home Single Language; OS build 19042.1288; Version 2009; 64bit' Language: 'en' Physical Memory: 16202 MB
BatchMode: 1, IsHumanControllingUs: 0, StartBugReporterOnCrash: 0, Is64bit: 1, IsPro: 0

 COMMAND LINE ARGUMENTS:
C:\Program Files\Unity\Hub\Editor\2021.1.0f1\Editor\Unity.exe
-adb2
-batchMode
-noUpm
-name
AssetImportWorker0
-projectPath
C:/Users/svigo/MyGitProject/CleanUpShelves
-logFile
Logs/AssetImportWorker0.log
-srvPort
50009
Successfully changed project path to: C:/Users/svigo/MyGitProject/CleanUpShelves
C:/Users/svigo/MyGitProject/CleanUpShelves
Using Asset Import Pipeline V2.
Refreshing native plugins compatible for Editor in 91.45 ms, found 1 plugins.
Preloading 0 native plugins for Editor in 0.00 ms.
Initialize engine version: 2021.1.0f1 (61a549675243)
[Subsystems] Discovering subsystems at path C:/Program Files/Unity/Hub/Editor/2021.1.0f1/Editor/Data/Resources/UnitySubsystems
[Subsystems] Discovering subsystems at path C:/Users/svigo/MyGitProject/CleanUpShelves/Assets
GfxDevice: creating device client; threaded=0; jobified=0
Direct3D:
    Version:  Direct3D 11.0 [level 11.1]
    Renderer: NVIDIA GeForce RTX 3060 Laptop GPU (ID=0x2520)
    Vendor:   NVIDIA
    VRAM:     6023 MB
    Driver:   27.21.14.6140
Initialize mono
Mono path[0] = 'C:/Program Files/Unity/Hub/Editor/2021.1.0f1/Editor/Data/Managed'
Mono path[1] = 'C:/Program Files/Unity/Hub/Editor/2021.1.0f1/Editor/Data/MonoBleedingEdge/lib/mono/unityjit'
Mono config path = 'C:/Program Files/Unity/Hub/Editor/2021.1.0f1/Editor/Data/MonoBleedingEdge/etc'
Using monoOptions --debugger-agent=transport=dt_socket,embedding=1,server=y,suspend=n,address=127.0.0.1:56044
Begin MonoManager ReloadAssembly
Registering precompiled unity dll's ...
Register platform support module: C:/Program Files/Unity/Hub/Editor/2021.1.0f1/Editor/Data/PlaybackEngines/WindowsStandaloneSupport/UnityEditor.WindowsStandalone.Extensions.dll
Registered in 0.001435 seconds.
Native extension for WindowsStandalone target not found
Refreshing native plugins compatible for Editor in 68.63 ms, found 1 plugins.
Preloading 0 native plugins for Editor in 0.00 ms.
Mono: successfully reloaded assembly
- Completed reload, in  1.078 seconds
Platform modules already initialized, skipping
Registering precompiled user dll's ...
Registered in 0.002318 seconds.
Begin MonoManager ReloadAssembly
Native extension for WindowsStandalone target not found
Refreshing native plugins compatible for Editor in 1.09 ms, found 1 plugins.
Preloading 0 native plugins for Editor in 0.00 ms.
Mono: successfully reloaded assembly
- Completed reload, in  1.194 seconds
Platform modules already initialized, skipping
========================================================================
Worker process is ready to serve import requests
Launched and connected shader compiler UnityShaderCompiler.exe after 0.06 seconds
Refreshing native plugins compatible for Editor in 0.62 ms, found 1 plugins.
Preloading 0 native plugins for Editor in 0.00 ms.
Unloading 2725 Unused Serialized files (Serialized files now loaded: 0)
System memory in use before: 101.2 MB.
System memory in use after: 101.4 MB.

Unloading 14 unused Assets to reduce memory usage. Loaded Objects now: 3178.
Total: 2.898500 ms (FindLiveObjects: 0.441800 ms CreateObjectMapping: 0.284000 ms MarkObjects: 2.048000 ms  DeleteObjects: 0.123800 ms)

========================================================================
Received Import Request.
  path: Assets/Scripts/Controller/ColorGenerator.cs
  artifactKey: Guid(42c6329736a26e344acf2e8d4904840d) Importer(815301076,1909f56bfc062723c751e8b465ee728b)
Start importing Assets/Scripts/Controller/ColorGenerator.cs using Guid(42c6329736a26e344acf2e8d4904840d) Importer(815301076,1909f56bfc062723c751e8b465ee728b)  -> (artifact id: 'ec908b38886b0a8954a8de70e9e0b075') in 0.046272 seconds 
========================================================================
Received Import Request.
  Time since last request: 385.874262 seconds.
  path: Assets/Scripts
  artifactKey: Guid(d9680e631636a2c4e9856ce0dc13781c) Importer(815301076,1909f56bfc062723c751e8b465ee728b)
Start importing Assets/Scripts using Guid(d9680e631636a2c4e9856ce0dc13781c) Importer(815301076,1909f56bfc062723c751e8b465ee728b)  -> (artifact id: 'd2bf2d6de3971b00433fed9158e6e4b4') in 0.011506 seconds 
========================================================================
Received Import Request.
  Time since last request: 7.570295 seconds.
  path: Assets/Scripts/Interfaces
  artifactKey: Guid(af1da7a93ffde434f81691143372f301) Importer(815301076,1909f56bfc062723c751e8b465ee728b)
Start importing Assets/Scripts/Interfaces using Guid(af1da7a93ffde434f81691143372f301) Importer(815301076,1909f56bfc062723c751e8b465ee728b)  -> (artifact id: '6224c76dccde58906d1b60a69e514618') in 0.019328 seconds 
========================================================================
Received Import Request.
  Time since last request: 15.597753 seconds.
  path: Assets/Scripts/Interfaces/IColoring.cs
  artifactKey: Guid(d1ad99fd5b79b5f47bd1f756ae31370d) Importer(815301076,1909f56bfc062723c751e8b465ee728b)
Start importing Assets/Scripts/Interfaces/IColoring.cs using Guid(d1ad99fd5b79b5f47bd1f756ae31370d) Importer(815301076,1909f56bfc062723c751e8b465ee728b)  -> (artifact id: '8964103acb06d21743dee94f3cdc2ca3') in 0.053457 seconds 
========================================================================
Received Import Request.
  Time since last request: 30.180443 seconds.
  path: Assets/Scripts/Interfaces/IColoring.cs
  artifactKey: Guid(d1ad99fd5b79b5f47bd1f756ae31370d) Importer(815301076,1909f56bfc062723c751e8b465ee728b)
Start importing Assets/Scripts/Interfaces/IColoring.cs using Guid(d1ad99fd5b79b5f47bd1f756ae31370d) Importer(815301076,1909f56bfc062723c751e8b465ee728b)  -> (artifact id: '710fddc128618ec8ad0b729226d5cd8f') in 0.003814 seconds 
========================================================================
Received Import Request.
  Time since last request: 135.343464 seconds.
  path: Assets/Scripts/Interfaces/IColoring.cs
  artifactKey: Guid(d1ad99fd5b79b5f47bd1f756ae31370d) Importer(815301076,1909f56bfc062723c751e8b465ee728b)
Start importing Assets/Scripts/Interfaces/IColoring.cs using Guid(d1ad99fd5b79b5f47bd1f756ae31370d) Importer(815301076,1909f56bfc062723c751e8b465ee728b)  -> (artifact id: 'f00c8a05599ed433f11b69b2524f50f7') in 0.003232 seconds 
========================================================================
Received Prepare
Registering precompiled user dll's ...
Registered in 0.002739 seconds.
Begin MonoManager ReloadAssembly
Native extension for WindowsStandalone target not found
Refreshing native plugins compatible for Editor in 0.51 ms, found 1 plugins.
Preloading 0 native plugins for Editor in 0.00 ms.
Mono: successfully reloaded assembly
- Completed reload, in  0.872 seconds
Platform modules already initialized, skipping
Refreshing native plugins compatible for Editor in 0.67 ms, found 1 plugins.
Preloading 0 native plugins for Editor in 0.00 ms.
Unloading 2707 Unused Serialized files (Serialized files now loaded: 0)
System memory in use before: 100.2 MB.
System memory in use after: 100.4 MB.

Unloading 9 unused Assets to reduce memory usage. Loaded Objects now: 3182.
Total: 6.288500 ms (FindLiveObjects: 0.614400 ms CreateObjectMapping: 0.448000 ms MarkObjects: 5.147200 ms  DeleteObjects: 0.077100 ms)

========================================================================
Received Prepare
Registering precompiled user dll's ...
Registered in 0.002707 seconds.
Begin MonoManager ReloadAssembly
Native extension for WindowsStandalone target not found
Refreshing native plugins compatible for Editor in 0.44 ms, found 1 plugins.
Preloading 0 native plugins for Editor in 0.00 ms.
Mono: successfully reloaded assembly
- Completed reload, in  0.980 seconds
Platform modules already initialized, skipping
Refreshing native plugins compatible for Editor in 0.52 ms, found 1 plugins.
Preloading 0 native plugins for Editor in 0.00 ms.
Unloading 2707 Unused Serialized files (Serialized files now loaded: 0)
System memory in use before: 100.2 MB.
System memory in use after: 100.4 MB.

Unloading 9 unused Assets to reduce memory usage. Loaded Objects now: 3185.
Total: 2.008700 ms (FindLiveObjects: 0.324700 ms CreateObjectMapping: 0.155200 ms MarkObjects: 1.515000 ms  DeleteObjects: 0.012500 ms)

========================================================================
Received Prepare
Registering precompiled user dll's ...
Registered in 0.002196 seconds.
Begin MonoManager ReloadAssembly
Native extension for WindowsStandalone target not found
Refreshing native plugins compatible for Editor in 0.63 ms, found 1 plugins.
Preloading 0 native plugins for Editor in 0.00 ms.
Mono: successfully reloaded assembly
- Completed reload, in  0.820 seconds
Platform modules already initialized, skipping
Refreshing native plugins compatible for Editor in 0.78 ms, found 1 plugins.
Preloading 0 native plugins for Editor in 0.00 ms.
Unloading 2707 Unused Serialized files (Serialized files now loaded: 0)
System memory in use before: 100.2 MB.
System memory in use after: 100.4 MB.

Unloading 9 unused Assets to reduce memory usage. Loaded Objects now: 3188.
Total: 3.753400 ms (FindLiveObjects: 0.687900 ms CreateObjectMapping: 0.285900 ms MarkObjects: 2.753300 ms  DeleteObjects: 0.024800 ms)

========================================================================
Received Import Request.
  Time since last request: 379.355432 seconds.
  path: Assets/Scripts/Interfaces/IColoring.cs
  artifactKey: Guid(d1ad99fd5b79b5f47bd1f756ae31370d) Importer(815301076,1909f56bfc062723c751e8b465ee728b)
Start importing Assets/Scripts/Interfaces/IColoring.cs using Guid(d1ad99fd5b79b5f47bd1f756ae31370d) Importer(815301076,1909f56bfc062723c751e8b465ee728b)  -> (artifact id: 'd25076fc8dc287aec0194ab869d097e4') in 0.006155 seconds 
========================================================================
Received Import Request.
  Time since last request: 9030.560414 seconds.
  path: Assets/Scripts/Controller/ColorGenerator.cs
  artifactKey: Guid(42c6329736a26e344acf2e8d4904840d) Importer(815301076,1909f56bfc062723c751e8b465ee728b)
Start importing Assets/Scripts/Controller/ColorGenerator.cs using Guid(42c6329736a26e344acf2e8d4904840d) Importer(815301076,1909f56bfc062723c751e8b465ee728b)  -> (artifact id: '1c658f1f735b62eefc9fec70f9cccf36') in 0.010651 seconds 
========================================================================
Received Prepare
Registering precompiled user dll's ...
Registered in 0.005361 seconds.
Begin MonoManager ReloadAssembly
Native extension for WindowsStandalone target not found
Refreshing native plugins compatible for Editor in 0.62 ms, found 1 plugins.
Preloading 0 native plugins for Editor in 0.00 ms.
Mono: successfully reloaded assembly
- Completed reload, in  1.143 seconds
Platform modules already initialized, skipping
Refreshing native plugins compatible for Editor in 0.49 ms, found 1 plugins.
Preloading 0 native plugins for Editor in 0.00 ms.
Unloading 2707 Unused Serialized files (Serialized files now loaded: 0)
System memory in use before: 100.2 MB.
System memory in use after: 100.5 MB.

Unloading 9 unused Assets to reduce memory usage. Loaded Objects now: 3191.
Total: 3.106300 ms (FindLiveObjects: 0.347000 ms CreateObjectMapping: 0.116500 ms MarkObjects: 2.580500 ms  DeleteObjects: 0.042700 ms)

========================================================================
Received Import Request.
  Time since last request: 283.906978 seconds.
  path: Assets/Scripts/Controller/ColorGenerator.cs
  artifactKey: Guid(42c6329736a26e344acf2e8d4904840d) Importer(815301076,1909f56bfc062723c751e8b465ee728b)
Start importing Assets/Scripts/Controller/ColorGenerator.cs using Guid(42c6329736a26e344acf2e8d4904840d) Importer(815301076,1909f56bfc062723c751e8b465ee728b)  -> (artifact id: '311f41918856c9e337dbfa868bd62712') in 0.006206 seconds 
========================================================================
Received Prepare
Registering precompiled user dll's ...
Registered in 0.004015 seconds.
Begin MonoManager ReloadAssembly
Native extension for WindowsStandalone target not found
Refreshing native plugins compatible for Editor in 0.66 ms, found 1 plugins.
Preloading 0 native plugins for Editor in 0.00 ms.
Mono: successfully reloaded assembly
- Completed reload, in  1.317 seconds
Platform modules already initialized, skipping
Refreshing native plugins compatible for Editor in 0.58 ms, found 1 plugins.
Preloading 0 native plugins for Editor in 0.00 ms.
Unloading 2707 Unused Serialized files (Serialized files now loaded: 0)
System memory in use before: 100.2 MB.
System memory in use after: 100.5 MB.

Unloading 9 unused Assets to reduce memory usage. Loaded Objects now: 3194.
Total: 2.531700 ms (FindLiveObjects: 0.262000 ms CreateObjectMapping: 0.160900 ms MarkObjects: 2.090000 ms  DeleteObjects: 0.017600 ms)

========================================================================
Received Prepare
Registering precompiled user dll's ...
Registered in 0.002984 seconds.
Begin MonoManager ReloadAssembly
Native extension for WindowsStandalone target not found
Refreshing native plugins compatible for Editor in 0.93 ms, found 1 plugins.
Preloading 0 native plugins for Editor in 0.00 ms.
Mono: successfully reloaded assembly
- Completed reload, in  1.164 seconds
Platform modules already initialized, skipping
Refreshing native plugins compatible for Editor in 0.59 ms, found 1 plugins.
Preloading 0 native plugins for Editor in 0.00 ms.
Unloading 2707 Unused Serialized files (Serialized files now loaded: 0)
System memory in use before: 100.3 MB.
System memory in use after: 100.5 MB.

Unloading 9 unused Assets to reduce memory usage. Loaded Objects now: 3197.
Total: 3.863600 ms (FindLiveObjects: 0.426200 ms CreateObjectMapping: 0.270400 ms MarkObjects: 3.140900 ms  DeleteObjects: 0.023800 ms)

========================================================================
Received Import Request.
  Time since last request: 693.506827 seconds.
  path: Assets/Scripts/Controller/ColorGenerator.cs
  artifactKey: Guid(42c6329736a26e344acf2e8d4904840d) Importer(815301076,1909f56bfc062723c751e8b465ee728b)
Start importing Assets/Scripts/Controller/ColorGenerator.cs using Guid(42c6329736a26e344acf2e8d4904840d) Importer(815301076,1909f56bfc062723c751e8b465ee728b)  -> (artifact id: '736766eff5fab8115e0ffe638488278e') in 0.006749 seconds 
========================================================================
Received Import Request.
  Time since last request: 178.464872 seconds.
  path: Assets/Scenes/GamePlay.unity
  artifactKey: Guid(9fc0d4010bbf28b4594072e72b8655ab) Importer(815301076,1909f56bfc062723c751e8b465ee728b)
Start importing Assets/Scenes/GamePlay.unity using Guid(9fc0d4010bbf28b4594072e72b8655ab) Importer(815301076,1909f56bfc062723c751e8b465ee728b)  -> (artifact id: 'c16465ae1a3a5af91e9ee5e0db61a4e1') in 0.020272 seconds 
========================================================================
Received Prepare
Registering precompiled user dll's ...
Registered in 0.002450 seconds.
Begin MonoManager ReloadAssembly
Native extension for WindowsStandalone target not found
Refreshing native plugins compatible for Editor in 0.43 ms, found 1 plugins.
Preloading 0 native plugins for Editor in 0.00 ms.
Mono: successfully reloaded assembly
- Completed reload, in  0.917 seconds
Platform modules already initialized, skipping
Refreshing native plugins compatible for Editor in 0.68 ms, found 1 plugins.
Preloading 0 native plugins for Editor in 0.00 ms.
Unloading 2707 Unused Serialized files (Serialized files now loaded: 0)
System memory in use before: 100.3 MB.
System memory in use after: 100.5 MB.

Unloading 9 unused Assets to reduce memory usage. Loaded Objects now: 3200.
Total: 2.670300 ms (FindLiveObjects: 0.302200 ms CreateObjectMapping: 0.253400 ms MarkObjects: 2.071300 ms  DeleteObjects: 0.041800 ms)

========================================================================
Received Prepare
Registering precompiled user dll's ...
Registered in 0.002773 seconds.
Begin MonoManager ReloadAssembly
Native extension for WindowsStandalone target not found
Refreshing native plugins compatible for Editor in 0.43 ms, found 1 plugins.
Preloading 0 native plugins for Editor in 0.00 ms.
Mono: successfully reloaded assembly
- Completed reload, in  0.855 seconds
Platform modules already initialized, skipping
Refreshing native plugins compatible for Editor in 0.64 ms, found 1 plugins.
Preloading 0 native plugins for Editor in 0.00 ms.
Unloading 2707 Unused Serialized files (Serialized files now loaded: 0)
System memory in use before: 100.3 MB.
System memory in use after: 100.5 MB.

Unloading 9 unused Assets to reduce memory usage. Loaded Objects now: 3203.
Total: 3.202200 ms (FindLiveObjects: 0.562000 ms CreateObjectMapping: 0.195400 ms MarkObjects: 2.423600 ms  DeleteObjects: 0.020300 ms)

========================================================================
Received Prepare
Registering precompiled user dll's ...
Registered in 0.002784 seconds.
Begin MonoManager ReloadAssembly
Native extension for WindowsStandalone target not found
Refreshing native plugins compatible for Editor in 0.40 ms, found 1 plugins.
Preloading 0 native plugins for Editor in 0.00 ms.
Mono: successfully reloaded assembly
- Completed reload, in  0.895 seconds
Platform modules already initialized, skipping
Refreshing native plugins compatible for Editor in 0.61 ms, found 1 plugins.
Preloading 0 native plugins for Editor in 0.00 ms.
Unloading 2707 Unused Serialized files (Serialized files now loaded: 0)
System memory in use before: 100.3 MB.
System memory in use after: 100.5 MB.

Unloading 9 unused Assets to reduce memory usage. Loaded Objects now: 3206.
Total: 2.568300 ms (FindLiveObjects: 0.436100 ms CreateObjectMapping: 0.204100 ms MarkObjects: 1.916600 ms  DeleteObjects: 0.010600 ms)

========================================================================
Received Import Request.
  Time since last request: 673.905534 seconds.
  path: Assets/Scenes/GamePlay.unity
  artifactKey: Guid(9fc0d4010bbf28b4594072e72b8655ab) Importer(815301076,1909f56bfc062723c751e8b465ee728b)
Start importing Assets/Scenes/GamePlay.unity using Guid(9fc0d4010bbf28b4594072e72b8655ab) Importer(815301076,1909f56bfc062723c751e8b465ee728b)  -> (artifact id: '6d4da0835ca51b21e9df8c78afb50403') in 0.031319 seconds 
========================================================================
Received Prepare
Registering precompiled user dll's ...
Registered in 0.005259 seconds.
Begin MonoManager ReloadAssembly
Native extension for WindowsStandalone target not found
Refreshing native plugins compatible for Editor in 1.16 ms, found 1 plugins.
Preloading 0 native plugins for Editor in 0.00 ms.
Mono: successfully reloaded assembly
- Completed reload, in  1.192 seconds
Platform modules already initialized, skipping
Refreshing native plugins compatible for Editor in 0.58 ms, found 1 plugins.
Preloading 0 native plugins for Editor in 0.00 ms.
Unloading 2707 Unused Serialized files (Serialized files now loaded: 0)
System memory in use before: 100.3 MB.
System memory in use after: 100.5 MB.

Unloading 9 unused Assets to reduce memory usage. Loaded Objects now: 3209.
Total: 3.109700 ms (FindLiveObjects: 0.317100 ms CreateObjectMapping: 0.193300 ms MarkObjects: 2.577400 ms  DeleteObjects: 0.020100 ms)

========================================================================
Received Prepare
Registering precompiled user dll's ...
Registered in 0.002939 seconds.
Begin MonoManager ReloadAssembly
Native extension for WindowsStandalone target not found
Refreshing native plugins compatible for Editor in 0.52 ms, found 1 plugins.
Preloading 0 native plugins for Editor in 0.00 ms.
Mono: successfully reloaded assembly
- Completed reload, in  1.174 seconds
Platform modules already initialized, skipping
Refreshing native plugins compatible for Editor in 0.59 ms, found 1 plugins.
Preloading 0 native plugins for Editor in 0.00 ms.
Unloading 2707 Unused Serialized files (Serialized files now loaded: 0)
System memory in use before: 100.3 MB.
System memory in use after: 100.5 MB.

Unloading 9 unused Assets to reduce memory usage. Loaded Objects now: 3212.
Total: 3.086200 ms (FindLiveObjects: 0.451200 ms CreateObjectMapping: 0.356600 ms MarkObjects: 2.251700 ms  DeleteObjects: 0.025000 ms)

========================================================================
Received Prepare
Registering precompiled user dll's ...
Registered in 0.003390 seconds.
Begin MonoManager ReloadAssembly
Native extension for WindowsStandalone target not found
Refreshing native plugins compatible for Editor in 0.55 ms, found 1 plugins.
Preloading 0 native plugins for Editor in 0.00 ms.
Mono: successfully reloaded assembly
- Completed reload, in  1.093 seconds
Platform modules already initialized, skipping
Refreshing native plugins compatible for Editor in 0.97 ms, found 1 plugins.
Preloading 0 native plugins for Editor in 0.00 ms.
Unloading 2707 Unused Serialized files (Serialized files now loaded: 0)
System memory in use before: 100.3 MB.
System memory in use after: 100.5 MB.

Unloading 9 unused Assets to reduce memory usage. Loaded Objects now: 3215.
Total: 2.208200 ms (FindLiveObjects: 0.317100 ms CreateObjectMapping: 0.163700 ms MarkObjects: 1.710000 ms  DeleteObjects: 0.016000 ms)

========================================================================
Received Prepare
Registering precompiled user dll's ...
Registered in 0.002300 seconds.
Begin MonoManager ReloadAssembly
Native extension for WindowsStandalone target not found
Refreshing native plugins compatible for Editor in 0.50 ms, found 1 plugins.
Preloading 0 native plugins for Editor in 0.00 ms.
Mono: successfully reloaded assembly
- Completed reload, in  0.874 seconds
Platform modules already initialized, skipping
Refreshing native plugins compatible for Editor in 0.70 ms, found 1 plugins.
Preloading 0 native plugins for Editor in 0.00 ms.
Unloading 2707 Unused Serialized files (Serialized files now loaded: 0)
System memory in use before: 100.3 MB.
System memory in use after: 100.5 MB.

Unloading 9 unused Assets to reduce memory usage. Loaded Objects now: 3218.
Total: 2.929000 ms (FindLiveObjects: 0.390000 ms CreateObjectMapping: 0.365600 ms MarkObjects: 2.135000 ms  DeleteObjects: 0.037300 ms)

========================================================================
Received Prepare
Registering precompiled user dll's ...
Registered in 0.002855 seconds.
Begin MonoManager ReloadAssembly
Native extension for WindowsStandalone target not found
Refreshing native plugins compatible for Editor in 0.44 ms, found 1 plugins.
Preloading 0 native plugins for Editor in 0.00 ms.
Mono: successfully reloaded assembly
- Completed reload, in  0.844 seconds
Platform modules already initialized, skipping
Refreshing native plugins compatible for Editor in 0.83 ms, found 1 plugins.
Preloading 0 native plugins for Editor in 0.00 ms.
Unloading 2707 Unused Serialized files (Serialized files now loaded: 0)
System memory in use before: 100.3 MB.
System memory in use after: 100.5 MB.

Unloading 9 unused Assets to reduce memory usage. Loaded Objects now: 3221.
Total: 2.298400 ms (FindLiveObjects: 0.298400 ms CreateObjectMapping: 0.131200 ms MarkObjects: 1.822900 ms  DeleteObjects: 0.045000 ms)

========================================================================
Received Import Request.
  Time since last request: 1149.285032 seconds.
  path: Assets/Scripts/Controller/Base
  artifactKey: Guid(af581065985babf4fb1cd8eeaf96fa7a) Importer(815301076,1909f56bfc062723c751e8b465ee728b)
Start importing Assets/Scripts/Controller/Base using Guid(af581065985babf4fb1cd8eeaf96fa7a) Importer(815301076,1909f56bfc062723c751e8b465ee728b)  -> (artifact id: '0da660bf60e5f8ec3c24bc6287e869d2') in 0.012437 seconds 
========================================================================
Received Import Request.
  Time since last request: 13.760863 seconds.
  path: Assets/Scripts/Controller/Base/MenuController.cs
  artifactKey: Guid(262c3e94f18e0e646b81ffe9a0157a43) Importer(815301076,1909f56bfc062723c751e8b465ee728b)
Start importing Assets/Scripts/Controller/Base/MenuController.cs using Guid(262c3e94f18e0e646b81ffe9a0157a43) Importer(815301076,1909f56bfc062723c751e8b465ee728b)  -> (artifact id: '2df443f2bfc55da7075b83e51b4e7308') in 0.010190 seconds 
========================================================================
Received Prepare
Registering precompiled user dll's ...
Registered in 0.002786 seconds.
Begin MonoManager ReloadAssembly
Native extension for WindowsStandalone target not found
Refreshing native plugins compatible for Editor in 0.55 ms, found 1 plugins.
Preloading 0 native plugins for Editor in 0.00 ms.
Mono: successfully reloaded assembly
- Completed reload, in  0.821 seconds
Platform modules already initialized, skipping
Refreshing native plugins compatible for Editor in 0.54 ms, found 1 plugins.
Preloading 0 native plugins for Editor in 0.00 ms.
Unloading 2708 Unused Serialized files (Serialized files now loaded: 0)
System memory in use before: 100.3 MB.
System memory in use after: 100.6 MB.

Unloading 9 unused Assets to reduce memory usage. Loaded Objects now: 3225.
Total: 2.956300 ms (FindLiveObjects: 0.686400 ms CreateObjectMapping: 0.216300 ms MarkObjects: 2.038800 ms  DeleteObjects: 0.013900 ms)

========================================================================
Received Import Request.
  Time since last request: 68.864553 seconds.
  path: Assets/Scripts/Controller/PauseMenuController.cs
  artifactKey: Guid(364114bc915b40e4a9ceb90ffe5d1e8c) Importer(815301076,1909f56bfc062723c751e8b465ee728b)
Start importing Assets/Scripts/Controller/PauseMenuController.cs using Guid(364114bc915b40e4a9ceb90ffe5d1e8c) Importer(815301076,1909f56bfc062723c751e8b465ee728b)  -> (artifact id: '9efd6438dbbfe9865c207709f4487826') in 0.015343 seconds 
========================================================================
Received Import Request.
  Time since last request: 13.894676 seconds.
  path: Assets/Scripts/Controller/EndGameMenuController.cs
  artifactKey: Guid(4681d9daf1b8f6043a816ddc10d2fcf6) Importer(815301076,1909f56bfc062723c751e8b465ee728b)
Start importing Assets/Scripts/Controller/EndGameMenuController.cs using Guid(4681d9daf1b8f6043a816ddc10d2fcf6) Importer(815301076,1909f56bfc062723c751e8b465ee728b)  -> (artifact id: '38219ba3468a0cb58a4509ba1b8bf8e1') in 0.011521 seconds 
========================================================================
Received Prepare
Registering precompiled user dll's ...
Registered in 0.002363 seconds.
Begin MonoManager ReloadAssembly
Native extension for WindowsStandalone target not found
Refreshing native plugins compatible for Editor in 0.44 ms, found 1 plugins.
Preloading 0 native plugins for Editor in 0.00 ms.
Mono: successfully reloaded assembly
- Completed reload, in  0.861 seconds
Platform modules already initialized, skipping
Refreshing native plugins compatible for Editor in 0.82 ms, found 1 plugins.
Preloading 0 native plugins for Editor in 0.00 ms.
Unloading 2709 Unused Serialized files (Serialized files now loaded: 0)
System memory in use before: 100.4 MB.
System memory in use after: 100.6 MB.

Unloading 9 unused Assets to reduce memory usage. Loaded Objects now: 3229.
Total: 2.326300 ms (FindLiveObjects: 0.439000 ms CreateObjectMapping: 0.209200 ms MarkObjects: 1.664700 ms  DeleteObjects: 0.012200 ms)

========================================================================
Received Prepare
Registering precompiled user dll's ...
Registered in 0.003094 seconds.
Begin MonoManager ReloadAssembly
Native extension for WindowsStandalone target not found
Refreshing native plugins compatible for Editor in 0.62 ms, found 1 plugins.
Preloading 0 native plugins for Editor in 0.00 ms.
Mono: successfully reloaded assembly
- Completed reload, in  0.958 seconds
Platform modules already initialized, skipping
Refreshing native plugins compatible for Editor in 0.58 ms, found 1 plugins.
Preloading 0 native plugins for Editor in 0.00 ms.
Unloading 2708 Unused Serialized files (Serialized files now loaded: 0)
System memory in use before: 100.3 MB.
System memory in use after: 100.6 MB.

Unloading 10 unused Assets to reduce memory usage. Loaded Objects now: 3231.
Total: 4.151800 ms (FindLiveObjects: 0.528000 ms CreateObjectMapping: 0.350500 ms MarkObjects: 3.199500 ms  DeleteObjects: 0.072500 ms)

========================================================================
Received Prepare
Registering precompiled user dll's ...
Registered in 0.002716 seconds.
Begin MonoManager ReloadAssembly
Native extension for WindowsStandalone target not found
Refreshing native plugins compatible for Editor in 0.44 ms, found 1 plugins.
Preloading 0 native plugins for Editor in 0.00 ms.
Mono: successfully reloaded assembly
- Completed reload, in  0.856 seconds
Platform modules already initialized, skipping
Refreshing native plugins compatible for Editor in 0.68 ms, found 1 plugins.
Preloading 0 native plugins for Editor in 0.00 ms.
Unloading 2708 Unused Serialized files (Serialized files now loaded: 0)
System memory in use before: 100.3 MB.
System memory in use after: 100.6 MB.

Unloading 9 unused Assets to reduce memory usage. Loaded Objects now: 3234.
Total: 4.275400 ms (FindLiveObjects: 0.493300 ms CreateObjectMapping: 0.533900 ms MarkObjects: 3.222300 ms  DeleteObjects: 0.023800 ms)

========================================================================
Received Prepare
Registering precompiled user dll's ...
Registered in 0.002334 seconds.
Begin MonoManager ReloadAssembly
Native extension for WindowsStandalone target not found
Refreshing native plugins compatible for Editor in 0.50 ms, found 1 plugins.
Preloading 0 native plugins for Editor in 0.00 ms.
Mono: successfully reloaded assembly
- Completed reload, in  0.833 seconds
Platform modules already initialized, skipping
Refreshing native plugins compatible for Editor in 0.70 ms, found 1 plugins.
Preloading 0 native plugins for Editor in 0.00 ms.
Unloading 2708 Unused Serialized files (Serialized files now loaded: 0)
System memory in use before: 100.4 MB.
System memory in use after: 100.6 MB.

Unloading 9 unused Assets to reduce memory usage. Loaded Objects now: 3237.
Total: 4.181000 ms (FindLiveObjects: 0.507400 ms CreateObjectMapping: 0.278200 ms MarkObjects: 3.330500 ms  DeleteObjects: 0.063100 ms)

========================================================================
Received Prepare
Registering precompiled user dll's ...
Registered in 0.003306 seconds.
Begin MonoManager ReloadAssembly
Native extension for WindowsStandalone target not found
Refreshing native plugins compatible for Editor in 0.58 ms, found 1 plugins.
Preloading 0 native plugins for Editor in 0.00 ms.
Mono: successfully reloaded assembly
- Completed reload, in  0.844 seconds
Platform modules already initialized, skipping
Refreshing native plugins compatible for Editor in 0.57 ms, found 1 plugins.
Preloading 0 native plugins for Editor in 0.00 ms.
Unloading 2708 Unused Serialized files (Serialized files now loaded: 0)
System memory in use before: 100.4 MB.
System memory in use after: 100.6 MB.

Unloading 9 unused Assets to reduce memory usage. Loaded Objects now: 3240.
Total: 2.577000 ms (FindLiveObjects: 0.355600 ms CreateObjectMapping: 0.192400 ms MarkObjects: 2.010700 ms  DeleteObjects: 0.016400 ms)

========================================================================
Received Prepare
Registering precompiled user dll's ...
Registered in 0.002601 seconds.
Begin MonoManager ReloadAssembly
Native extension for WindowsStandalone target not found
Refreshing native plugins compatible for Editor in 0.49 ms, found 1 plugins.
Preloading 0 native plugins for Editor in 0.00 ms.
Mono: successfully reloaded assembly
- Completed reload, in  0.819 seconds
Platform modules already initialized, skipping
Refreshing native plugins compatible for Editor in 0.58 ms, found 1 plugins.
Preloading 0 native plugins for Editor in 0.00 ms.
Unloading 2708 Unused Serialized files (Serialized files now loaded: 0)
System memory in use before: 100.4 MB.
System memory in use after: 100.6 MB.

Unloading 9 unused Assets to reduce memory usage. Loaded Objects now: 3243.
Total: 3.093500 ms (FindLiveObjects: 0.478000 ms CreateObjectMapping: 0.182900 ms MarkObjects: 2.407200 ms  DeleteObjects: 0.024500 ms)

========================================================================
Received Prepare
Registering precompiled user dll's ...
Registered in 0.003266 seconds.
Begin MonoManager ReloadAssembly
Native extension for WindowsStandalone target not found
Refreshing native plugins compatible for Editor in 0.43 ms, found 1 plugins.
Preloading 0 native plugins for Editor in 0.00 ms.
Mono: successfully reloaded assembly
- Completed reload, in  0.843 seconds
Platform modules already initialized, skipping
Refreshing native plugins compatible for Editor in 0.55 ms, found 1 plugins.
Preloading 0 native plugins for Editor in 0.00 ms.
Unloading 2708 Unused Serialized files (Serialized files now loaded: 0)
System memory in use before: 100.4 MB.
System memory in use after: 100.6 MB.

Unloading 9 unused Assets to reduce memory usage. Loaded Objects now: 3246.
Total: 2.751600 ms (FindLiveObjects: 0.493500 ms CreateObjectMapping: 0.350000 ms MarkObjects: 1.893000 ms  DeleteObjects: 0.014200 ms)

========================================================================
Received Prepare
Registering precompiled user dll's ...
Registered in 0.003056 seconds.
Begin MonoManager ReloadAssembly
Native extension for WindowsStandalone target not found
Refreshing native plugins compatible for Editor in 0.40 ms, found 1 plugins.
Preloading 0 native plugins for Editor in 0.00 ms.
Mono: successfully reloaded assembly
- Completed reload, in  0.883 seconds
Platform modules already initialized, skipping
Refreshing native plugins compatible for Editor in 0.50 ms, found 1 plugins.
Preloading 0 native plugins for Editor in 0.00 ms.
Unloading 2708 Unused Serialized files (Serialized files now loaded: 0)
System memory in use before: 100.4 MB.
System memory in use after: 100.6 MB.

Unloading 9 unused Assets to reduce memory usage. Loaded Objects now: 3249.
Total: 2.454200 ms (FindLiveObjects: 0.405800 ms CreateObjectMapping: 0.157300 ms MarkObjects: 1.872900 ms  DeleteObjects: 0.016600 ms)

========================================================================
Received Prepare
Registering precompiled user dll's ...
Registered in 0.004089 seconds.
Begin MonoManager ReloadAssembly
Native extension for WindowsStandalone target not found
Refreshing native plugins compatible for Editor in 0.41 ms, found 1 plugins.
Preloading 0 native plugins for Editor in 0.00 ms.
Mono: successfully reloaded assembly
- Completed reload, in  1.016 seconds
Platform modules already initialized, skipping
Refreshing native plugins compatible for Editor in 0.53 ms, found 1 plugins.
Preloading 0 native plugins for Editor in 0.00 ms.
Unloading 2708 Unused Serialized files (Serialized files now loaded: 0)
System memory in use before: 100.4 MB.
System memory in use after: 100.6 MB.

Unloading 9 unused Assets to reduce memory usage. Loaded Objects now: 3252.
Total: 2.004200 ms (FindLiveObjects: 0.320300 ms CreateObjectMapping: 0.145100 ms MarkObjects: 1.521800 ms  DeleteObjects: 0.016100 ms)

========================================================================
Received Prepare
Registering precompiled user dll's ...
Registered in 0.002526 seconds.
Begin MonoManager ReloadAssembly
Native extension for WindowsStandalone target not found
Refreshing native plugins compatible for Editor in 0.53 ms, found 1 plugins.
Preloading 0 native plugins for Editor in 0.00 ms.
Mono: successfully reloaded assembly
- Completed reload, in  0.819 seconds
Platform modules already initialized, skipping
Refreshing native plugins compatible for Editor in 0.62 ms, found 1 plugins.
Preloading 0 native plugins for Editor in 0.00 ms.
Unloading 2708 Unused Serialized files (Serialized files now loaded: 0)
System memory in use before: 100.4 MB.
System memory in use after: 100.6 MB.

Unloading 9 unused Assets to reduce memory usage. Loaded Objects now: 3255.
Total: 2.458800 ms (FindLiveObjects: 0.516600 ms CreateObjectMapping: 0.188500 ms MarkObjects: 1.741400 ms  DeleteObjects: 0.011500 ms)

========================================================================
Received Prepare
Registering precompiled user dll's ...
Registered in 0.002897 seconds.
Begin MonoManager ReloadAssembly
Native extension for WindowsStandalone target not found
Refreshing native plugins compatible for Editor in 0.47 ms, found 1 plugins.
Preloading 0 native plugins for Editor in 0.00 ms.
Mono: successfully reloaded assembly
- Completed reload, in  0.876 seconds
Platform modules already initialized, skipping
Refreshing native plugins compatible for Editor in 0.55 ms, found 1 plugins.
Preloading 0 native plugins for Editor in 0.00 ms.
Unloading 2708 Unused Serialized files (Serialized files now loaded: 0)
System memory in use before: 100.4 MB.
System memory in use after: 100.6 MB.

Unloading 9 unused Assets to reduce memory usage. Loaded Objects now: 3258.
Total: 2.796600 ms (FindLiveObjects: 0.257800 ms CreateObjectMapping: 0.150800 ms MarkObjects: 2.364100 ms  DeleteObjects: 0.022500 ms)

========================================================================
Received Prepare
Registering precompiled user dll's ...
Registered in 0.002717 seconds.
Begin MonoManager ReloadAssembly
Native extension for WindowsStandalone target not found
Refreshing native plugins compatible for Editor in 0.41 ms, found 1 plugins.
Preloading 0 native plugins for Editor in 0.00 ms.
Mono: successfully reloaded assembly
- Completed reload, in  0.962 seconds
Platform modules already initialized, skipping
Refreshing native plugins compatible for Editor in 0.58 ms, found 1 plugins.
Preloading 0 native plugins for Editor in 0.00 ms.
Unloading 2708 Unused Serialized files (Serialized files now loaded: 0)
System memory in use before: 100.4 MB.
System memory in use after: 100.6 MB.

Unloading 9 unused Assets to reduce memory usage. Loaded Objects now: 3261.
Total: 2.219900 ms (FindLiveObjects: 0.228800 ms CreateObjectMapping: 0.108600 ms MarkObjects: 1.869500 ms  DeleteObjects: 0.012000 ms)

========================================================================
Received Prepare
Registering precompiled user dll's ...
Registered in 0.002854 seconds.
Begin MonoManager ReloadAssembly
Native extension for WindowsStandalone target not found
Refreshing native plugins compatible for Editor in 0.55 ms, found 1 plugins.
Preloading 0 native plugins for Editor in 0.00 ms.
Mono: successfully reloaded assembly
- Completed reload, in  0.873 seconds
Platform modules already initialized, skipping
Refreshing native plugins compatible for Editor in 0.56 ms, found 1 plugins.
Preloading 0 native plugins for Editor in 0.00 ms.
Unloading 2708 Unused Serialized files (Serialized files now loaded: 0)
System memory in use before: 100.4 MB.
System memory in use after: 100.6 MB.

Unloading 9 unused Assets to reduce memory usage. Loaded Objects now: 3264.
Total: 2.176300 ms (FindLiveObjects: 0.318900 ms CreateObjectMapping: 0.237200 ms MarkObjects: 1.563700 ms  DeleteObjects: 0.055400 ms)

========================================================================
Received Prepare
Registering precompiled user dll's ...
Registered in 0.002730 seconds.
Begin MonoManager ReloadAssembly
Native extension for WindowsStandalone target not found
Refreshing native plugins compatible for Editor in 0.41 ms, found 1 plugins.
Preloading 0 native plugins for Editor in 0.00 ms.
Mono: successfully reloaded assembly
- Completed reload, in  0.812 seconds
Platform modules already initialized, skipping
Refreshing native plugins compatible for Editor in 0.47 ms, found 1 plugins.
Preloading 0 native plugins for Editor in 0.00 ms.
Unloading 2708 Unused Serialized files (Serialized files now loaded: 0)
System memory in use before: 100.4 MB.
System memory in use after: 100.6 MB.

Unloading 9 unused Assets to reduce memory usage. Loaded Objects now: 3267.
Total: 2.009800 ms (FindLiveObjects: 0.266300 ms CreateObjectMapping: 0.114300 ms MarkObjects: 1.613300 ms  DeleteObjects: 0.014500 ms)

========================================================================
Received Prepare
Registering precompiled user dll's ...
Registered in 0.006058 seconds.
Begin MonoManager ReloadAssembly
Native extension for WindowsStandalone target not found
Refreshing native plugins compatible for Editor in 0.97 ms, found 1 plugins.
Preloading 0 native plugins for Editor in 0.00 ms.
Mono: successfully reloaded assembly
- Completed reload, in  0.958 seconds
Platform modules already initialized, skipping
Refreshing native plugins compatible for Editor in 0.59 ms, found 1 plugins.
Preloading 0 native plugins for Editor in 0.00 ms.
Unloading 2708 Unused Serialized files (Serialized files now loaded: 0)
System memory in use before: 100.4 MB.
System memory in use after: 100.6 MB.

Unloading 9 unused Assets to reduce memory usage. Loaded Objects now: 3270.
Total: 2.848300 ms (FindLiveObjects: 0.388600 ms CreateObjectMapping: 0.197500 ms MarkObjects: 2.200100 ms  DeleteObjects: 0.037600 ms)

========================================================================
Received Prepare
Registering precompiled user dll's ...
Registered in 0.003092 seconds.
Begin MonoManager ReloadAssembly
Native extension for WindowsStandalone target not found
Refreshing native plugins compatible for Editor in 0.42 ms, found 1 plugins.
Preloading 0 native plugins for Editor in 0.00 ms.
Mono: successfully reloaded assembly
- Completed reload, in  1.064 seconds
Platform modules already initialized, skipping
Refreshing native plugins compatible for Editor in 0.56 ms, found 1 plugins.
Preloading 0 native plugins for Editor in 0.00 ms.
Unloading 2708 Unused Serialized files (Serialized files now loaded: 0)
System memory in use before: 100.4 MB.
System memory in use after: 100.6 MB.

Unloading 9 unused Assets to reduce memory usage. Loaded Objects now: 3273.
Total: 3.008900 ms (FindLiveObjects: 0.436300 ms CreateObjectMapping: 0.343500 ms MarkObjects: 2.212000 ms  DeleteObjects: 0.015600 ms)

========================================================================
Received Prepare
Registering precompiled user dll's ...
Registered in 0.003710 seconds.
Begin MonoManager ReloadAssembly
Native extension for WindowsStandalone target not found
Refreshing native plugins compatible for Editor in 0.49 ms, found 1 plugins.
Preloading 0 native plugins for Editor in 0.00 ms.
Mono: successfully reloaded assembly
- Completed reload, in  1.051 seconds
Platform modules already initialized, skipping
Refreshing native plugins compatible for Editor in 0.65 ms, found 1 plugins.
Preloading 0 native plugins for Editor in 0.00 ms.
Unloading 2708 Unused Serialized files (Serialized files now loaded: 0)
System memory in use before: 100.4 MB.
System memory in use after: 100.6 MB.

Unloading 9 unused Assets to reduce memory usage. Loaded Objects now: 3276.
Total: 2.377700 ms (FindLiveObjects: 0.345800 ms CreateObjectMapping: 0.136200 ms MarkObjects: 1.883100 ms  DeleteObjects: 0.011800 ms)

========================================================================
Received Prepare
Registering precompiled user dll's ...
Registered in 0.004605 seconds.
Begin MonoManager ReloadAssembly
Native extension for WindowsStandalone target not found
Refreshing native plugins compatible for Editor in 0.48 ms, found 1 plugins.
Preloading 0 native plugins for Editor in 0.00 ms.
Mono: successfully reloaded assembly
- Completed reload, in  0.991 seconds
Platform modules already initialized, skipping
Refreshing native plugins compatible for Editor in 0.50 ms, found 1 plugins.
Preloading 0 native plugins for Editor in 0.00 ms.
Unloading 2708 Unused Serialized files (Serialized files now loaded: 0)
System memory in use before: 100.4 MB.
System memory in use after: 100.6 MB.

Unloading 9 unused Assets to reduce memory usage. Loaded Objects now: 3279.
Total: 2.482500 ms (FindLiveObjects: 0.270400 ms CreateObjectMapping: 0.182900 ms MarkObjects: 2.012000 ms  DeleteObjects: 0.016100 ms)

========================================================================
Received Prepare
Registering precompiled user dll's ...
Registered in 0.002718 seconds.
Begin MonoManager ReloadAssembly
Native extension for WindowsStandalone target not found
Refreshing native plugins compatible for Editor in 0.44 ms, found 1 plugins.
Preloading 0 native plugins for Editor in 0.00 ms.
Mono: successfully reloaded assembly
- Completed reload, in  0.855 seconds
Platform modules already initialized, skipping
Refreshing native plugins compatible for Editor in 0.89 ms, found 1 plugins.
Preloading 0 native plugins for Editor in 0.00 ms.
Unloading 2708 Unused Serialized files (Serialized files now loaded: 0)
System memory in use before: 100.4 MB.
System memory in use after: 100.7 MB.

Unloading 9 unused Assets to reduce memory usage. Loaded Objects now: 3282.
Total: 2.775100 ms (FindLiveObjects: 0.612800 ms CreateObjectMapping: 0.215200 ms MarkObjects: 1.928000 ms  DeleteObjects: 0.017900 ms)

========================================================================
Received Prepare
Registering precompiled user dll's ...
Registered in 0.002787 seconds.
Begin MonoManager ReloadAssembly
Native extension for WindowsStandalone target not found
Refreshing native plugins compatible for Editor in 0.44 ms, found 1 plugins.
Preloading 0 native plugins for Editor in 0.00 ms.
Mono: successfully reloaded assembly
- Completed reload, in  0.832 seconds
Platform modules already initialized, skipping
Refreshing native plugins compatible for Editor in 0.51 ms, found 1 plugins.
Preloading 0 native plugins for Editor in 0.00 ms.
Unloading 2708 Unused Serialized files (Serialized files now loaded: 0)
System memory in use before: 100.4 MB.
System memory in use after: 100.7 MB.

Unloading 9 unused Assets to reduce memory usage. Loaded Objects now: 3285.
Total: 2.350000 ms (FindLiveObjects: 0.372000 ms CreateObjectMapping: 0.188700 ms MarkObjects: 1.752500 ms  DeleteObjects: 0.035800 ms)

========================================================================
Received Prepare
Registering precompiled user dll's ...
Registered in 0.003109 seconds.
Begin MonoManager ReloadAssembly
Native extension for WindowsStandalone target not found
Refreshing native plugins compatible for Editor in 0.45 ms, found 1 plugins.
Preloading 0 native plugins for Editor in 0.00 ms.
Mono: successfully reloaded assembly
- Completed reload, in  0.845 seconds
Platform modules already initialized, skipping
Refreshing native plugins compatible for Editor in 0.59 ms, found 1 plugins.
Preloading 0 native plugins for Editor in 0.00 ms.
Unloading 2708 Unused Serialized files (Serialized files now loaded: 0)
System memory in use before: 100.5 MB.
System memory in use after: 100.8 MB.

Unloading 9 unused Assets to reduce memory usage. Loaded Objects now: 3288.
Total: 2.419200 ms (FindLiveObjects: 0.287700 ms CreateObjectMapping: 0.152300 ms MarkObjects: 1.962400 ms  DeleteObjects: 0.015500 ms)

========================================================================
Received Prepare
Registering precompiled user dll's ...
Registered in 0.003949 seconds.
Begin MonoManager ReloadAssembly
Native extension for WindowsStandalone target not found
Refreshing native plugins compatible for Editor in 0.45 ms, found 1 plugins.
Preloading 0 native plugins for Editor in 0.00 ms.
Mono: successfully reloaded assembly
- Completed reload, in  0.974 seconds
Platform modules already initialized, skipping
Refreshing native plugins compatible for Editor in 0.53 ms, found 1 plugins.
Preloading 0 native plugins for Editor in 0.00 ms.
Unloading 2708 Unused Serialized files (Serialized files now loaded: 0)
System memory in use before: 100.5 MB.
System memory in use after: 100.8 MB.

Unloading 9 unused Assets to reduce memory usage. Loaded Objects now: 3291.
Total: 2.019300 ms (FindLiveObjects: 0.292800 ms CreateObjectMapping: 0.171000 ms MarkObjects: 1.543800 ms  DeleteObjects: 0.010900 ms)

AssetImportWorkerClient::OnTransportError - code=2 error=End of file
