Using pre-set license
Built from '2021.1/release' branch; Version is '2021.1.0f1 (61a549675243) revision 6399305'; Using compiler version '192528614'; Build Type 'Release'
OS: 'Windows 10 Pro; OS build 19042.1110; Version 2009; 64bit' Language: 'en' Physical Memory: 8183 MB
BatchMode: 1, IsHumanControllingUs: 0, StartBugReporterOnCrash: 0, Is64bit: 1, IsPro: 0

 COMMAND LINE ARGUMENTS:
C:\Program Files\Unity\Hub\Editor\2021.1.0f1\Editor\Unity.exe
-adb2
-batchMode
-noUpm
-name
AssetImportWorker0
-projectPath
C:/Users/Fire/Desktop/GBArchitecture/Galaxy2D
-logFile
Logs/AssetImportWorker0.log
-srvPort
55333
Successfully changed project path to: C:/Users/Fire/Desktop/GBArchitecture/Galaxy2D
C:/Users/Fire/Desktop/GBArchitecture/Galaxy2D
Using Asset Import Pipeline V2.
Refreshing native plugins compatible for Editor in 315.16 ms, found 2 plugins.
Preloading 0 native plugins for Editor in 0.00 ms.
Initialize engine version: 2021.1.0f1 (61a549675243)
[Subsystems] Discovering subsystems at path C:/Program Files/Unity/Hub/Editor/2021.1.0f1/Editor/Data/Resources/UnitySubsystems
[Subsystems] Discovering subsystems at path C:/Users/Fire/Desktop/GBArchitecture/Galaxy2D/Assets
GfxDevice: creating device client; threaded=0; jobified=0
Direct3D:
    Version:  Direct3D 11.0 [level 11.1]
    Renderer: NVIDIA GeForce GTX 1070 (ID=0x1b81)
    Vendor:   NVIDIA
    VRAM:     8088 MB
    Driver:   27.21.14.6172
Initialize mono
Mono path[0] = 'C:/Program Files/Unity/Hub/Editor/2021.1.0f1/Editor/Data/Managed'
Mono path[1] = 'C:/Program Files/Unity/Hub/Editor/2021.1.0f1/Editor/Data/MonoBleedingEdge/lib/mono/unityjit'
Mono config path = 'C:/Program Files/Unity/Hub/Editor/2021.1.0f1/Editor/Data/MonoBleedingEdge/etc'
Using monoOptions --debugger-agent=transport=dt_socket,embedding=1,server=y,suspend=n,address=127.0.0.1:56412
Begin MonoManager ReloadAssembly
Registering precompiled unity dll's ...
Register platform support module: C:/Program Files/Unity/Hub/Editor/2021.1.0f1/Editor/Data/PlaybackEngines/WindowsStandaloneSupport/UnityEditor.WindowsStandalone.Extensions.dll
Registered in 0.002690 seconds.
Native extension for WindowsStandalone target not found
Refreshing native plugins compatible for Editor in 154.95 ms, found 2 plugins.
Preloading 0 native plugins for Editor in 0.00 ms.
Mono: successfully reloaded assembly
- Completed reload, in  2.266 seconds
Platform modules already initialized, skipping
Registering precompiled user dll's ...
Registered in 0.005353 seconds.
Begin MonoManager ReloadAssembly
Native extension for WindowsStandalone target not found
Refreshing native plugins compatible for Editor in 151.16 ms, found 2 plugins.
Preloading 0 native plugins for Editor in 0.00 ms.
Mono: successfully reloaded assembly
- Completed reload, in  1.963 seconds
Platform modules already initialized, skipping
========================================================================
Worker process is ready to serve import requests
Launched and connected shader compiler UnityShaderCompiler.exe after 0.07 seconds
Refreshing native plugins compatible for Editor in 1.32 ms, found 2 plugins.
Preloading 0 native plugins for Editor in 0.00 ms.
Unloading 3408 Unused Serialized files (Serialized files now loaded: 0)
System memory in use before: 200.5 MB.
System memory in use after: 200.7 MB.

Unloading 25 unused Assets to reduce memory usage. Loaded Objects now: 3869.
Total: 4.129200 ms (FindLiveObjects: 0.472900 ms CreateObjectMapping: 0.186500 ms MarkObjects: 3.328900 ms  DeleteObjects: 0.138700 ms)

========================================================================
Received Import Request.
  path: Assets/Scripts/Builder.cs
  artifactKey: Guid(afbf4d31112002541ae629386522054e) Importer(815301076,1909f56bfc062723c751e8b465ee728b)
Start importing Assets/Scripts/Builder.cs using Guid(afbf4d31112002541ae629386522054e) Importer(815301076,1909f56bfc062723c751e8b465ee728b)  -> (artifact id: '99798bdf7f8f4daad950bc202f7e61ed') in 0.050844 seconds 
========================================================================
Received Import Request.
  Time since last request: 10.958420 seconds.
  path: Assets/Scripts/GameObjectBuilder.cs
  artifactKey: Guid(afbf4d31112002541ae629386522054e) Importer(815301076,1909f56bfc062723c751e8b465ee728b)
Start importing Assets/Scripts/GameObjectBuilder.cs using Guid(afbf4d31112002541ae629386522054e) Importer(815301076,1909f56bfc062723c751e8b465ee728b)  -> (artifact id: 'e9baf94e5bb4b37d438b621307105fa3') in 0.020269 seconds 
========================================================================
Received Prepare
Registering precompiled user dll's ...
Registered in 0.007256 seconds.
Begin MonoManager ReloadAssembly
Native extension for WindowsStandalone target not found
Refreshing native plugins compatible for Editor in 1.62 ms, found 2 plugins.
Preloading 0 native plugins for Editor in 0.00 ms.
Mono: successfully reloaded assembly
- Completed reload, in  1.915 seconds
Platform modules already initialized, skipping
Refreshing native plugins compatible for Editor in 1.74 ms, found 2 plugins.
Preloading 0 native plugins for Editor in 0.00 ms.
Unloading 3399 Unused Serialized files (Serialized files now loaded: 0)
System memory in use before: 200.2 MB.
System memory in use after: 200.4 MB.

Unloading 13 unused Assets to reduce memory usage. Loaded Objects now: 3873.
Total: 4.381300 ms (FindLiveObjects: 0.648600 ms CreateObjectMapping: 0.223500 ms MarkObjects: 3.402400 ms  DeleteObjects: 0.104300 ms)

========================================================================
Received Import Request.
  Time since last request: 241.958411 seconds.
  path: Assets/Scripts/GameObjectBuilder.cs
  artifactKey: Guid(afbf4d31112002541ae629386522054e) Importer(815301076,1909f56bfc062723c751e8b465ee728b)
Start importing Assets/Scripts/GameObjectBuilder.cs using Guid(afbf4d31112002541ae629386522054e) Importer(815301076,1909f56bfc062723c751e8b465ee728b)  -> (artifact id: 'fa312ee6dc20c678aa2e537cb09068d0') in 0.023130 seconds 
========================================================================
Received Import Request.
  Time since last request: 14.973548 seconds.
  path: Assets/Scripts/GameObjectVisualBuilder.cs
  artifactKey: Guid(59cfb1b76ba635546b09bb2f266a6746) Importer(815301076,1909f56bfc062723c751e8b465ee728b)
Start importing Assets/Scripts/GameObjectVisualBuilder.cs using Guid(59cfb1b76ba635546b09bb2f266a6746) Importer(815301076,1909f56bfc062723c751e8b465ee728b)  -> (artifact id: '06e7ee3bfbbbcb1b0a9e854542f7d6f0') in 0.058063 seconds 
========================================================================
Received Import Request.
  Time since last request: 41.801329 seconds.
  path: Assets/Scripts/GameObjectVisualBuilder.cs
  artifactKey: Guid(59cfb1b76ba635546b09bb2f266a6746) Importer(815301076,1909f56bfc062723c751e8b465ee728b)
Start importing Assets/Scripts/GameObjectVisualBuilder.cs using Guid(59cfb1b76ba635546b09bb2f266a6746) Importer(815301076,1909f56bfc062723c751e8b465ee728b)  -> (artifact id: '357b097651e7462806f1b4bf86a43edd') in 0.013184 seconds 
========================================================================
Received Import Request.
  Time since last request: 34.798716 seconds.
  path: Assets/Scripts/GameObjectPhysicsBuilder.cs
  artifactKey: Guid(ed25323c8a1c27e4a98cacb3c5d62592) Importer(815301076,1909f56bfc062723c751e8b465ee728b)
Start importing Assets/Scripts/GameObjectPhysicsBuilder.cs using Guid(ed25323c8a1c27e4a98cacb3c5d62592) Importer(815301076,1909f56bfc062723c751e8b465ee728b)  -> (artifact id: '235566dd81605cb87562d4b3cc9611de') in 0.057101 seconds 
========================================================================
Received Import Request.
  Time since last request: 17.861757 seconds.
  path: Assets/Scripts/GameObjectPhysicsBuilder.cs
  artifactKey: Guid(ed25323c8a1c27e4a98cacb3c5d62592) Importer(815301076,1909f56bfc062723c751e8b465ee728b)
Start importing Assets/Scripts/GameObjectPhysicsBuilder.cs using Guid(ed25323c8a1c27e4a98cacb3c5d62592) Importer(815301076,1909f56bfc062723c751e8b465ee728b)  -> (artifact id: 'de6399c7411e03c88b0f54e5c8fb8335') in 0.031239 seconds 
========================================================================
Received Prepare
Registering precompiled user dll's ...
Registered in 0.017623 seconds.
Begin MonoManager ReloadAssembly
Native extension for WindowsStandalone target not found
Refreshing native plugins compatible for Editor in 2.02 ms, found 2 plugins.
Preloading 0 native plugins for Editor in 0.00 ms.
Mono: successfully reloaded assembly
- Completed reload, in  2.930 seconds
Platform modules already initialized, skipping
Refreshing native plugins compatible for Editor in 1.33 ms, found 2 plugins.
Preloading 0 native plugins for Editor in 0.00 ms.
Unloading 3401 Unused Serialized files (Serialized files now loaded: 0)
System memory in use before: 200.3 MB.
System memory in use after: 200.5 MB.

Unloading 13 unused Assets to reduce memory usage. Loaded Objects now: 3879.
Total: 4.515000 ms (FindLiveObjects: 0.517900 ms CreateObjectMapping: 0.184200 ms MarkObjects: 3.693300 ms  DeleteObjects: 0.117300 ms)

========================================================================
Received Import Request.
  Time since last request: 2610.723908 seconds.
  path: Assets/Scripts/GameObjectPhysicsBuilder.cs
  artifactKey: Guid(ed25323c8a1c27e4a98cacb3c5d62592) Importer(815301076,1909f56bfc062723c751e8b465ee728b)
Start importing Assets/Scripts/GameObjectPhysicsBuilder.cs using Guid(ed25323c8a1c27e4a98cacb3c5d62592) Importer(815301076,1909f56bfc062723c751e8b465ee728b)  -> (artifact id: '0925fd0d50602cfbcdc9d8bc924be28f') in 0.012171 seconds 
========================================================================
Received Import Request.
  Time since last request: 4.535536 seconds.
  path: Assets/Sprites/pngegg.png
  artifactKey: Guid(7bd4a98340fe0ea49a9f1d866085b74d) Importer(815301076,1909f56bfc062723c751e8b465ee728b)
Start importing Assets/Sprites/pngegg.png using Guid(7bd4a98340fe0ea49a9f1d866085b74d) Importer(815301076,1909f56bfc062723c751e8b465ee728b)  -> (artifact id: '849301d277b9cd56f0f879c76f192234') in 0.239743 seconds 
========================================================================
Received Import Request.
  Time since last request: 5.479668 seconds.
  path: Assets/Sprites/Station.png
  artifactKey: Guid(7bd4a98340fe0ea49a9f1d866085b74d) Importer(815301076,1909f56bfc062723c751e8b465ee728b)
Start importing Assets/Sprites/Station.png using Guid(7bd4a98340fe0ea49a9f1d866085b74d) Importer(815301076,1909f56bfc062723c751e8b465ee728b)  -> (artifact id: '269040736ae9ab4748e76b4a96db5365') in 0.092013 seconds 
========================================================================
Received Import Request.
  Time since last request: 17.720371 seconds.
  path: Assets/Sprites/Station.png
  artifactKey: Guid(7bd4a98340fe0ea49a9f1d866085b74d) Importer(815301076,1909f56bfc062723c751e8b465ee728b)
Start importing Assets/Sprites/Station.png using Guid(7bd4a98340fe0ea49a9f1d866085b74d) Importer(815301076,1909f56bfc062723c751e8b465ee728b)  -> (artifact id: '8e22a3e906b82e925c2768b27b7d4b03') in 0.072193 seconds 
========================================================================
Received Import Request.
  Time since last request: 5.755367 seconds.
  path: Assets/Sprites/Station.png
  artifactKey: Guid(7bd4a98340fe0ea49a9f1d866085b74d) Importer(815301076,1909f56bfc062723c751e8b465ee728b)
Start importing Assets/Sprites/Station.png using Guid(7bd4a98340fe0ea49a9f1d866085b74d) Importer(815301076,1909f56bfc062723c751e8b465ee728b)  -> (artifact id: 'c12e83dbdf1e81e2e375c916efb1695d') in 0.058528 seconds 
========================================================================
Received Import Request.
  Time since last request: 4.598213 seconds.
  path: Assets/Sprites/Station.png
  artifactKey: Guid(7bd4a98340fe0ea49a9f1d866085b74d) Importer(815301076,1909f56bfc062723c751e8b465ee728b)
Start importing Assets/Sprites/Station.png using Guid(7bd4a98340fe0ea49a9f1d866085b74d) Importer(815301076,1909f56bfc062723c751e8b465ee728b)  -> (artifact id: '3ad104dc12b1a0c237294e296301d8ad') in 0.044865 seconds 
========================================================================
Received Prepare
Registering precompiled user dll's ...
Registered in 0.023744 seconds.
Begin MonoManager ReloadAssembly
Native extension for WindowsStandalone target not found
Refreshing native plugins compatible for Editor in 1.29 ms, found 2 plugins.
Preloading 0 native plugins for Editor in 0.00 ms.
Mono: successfully reloaded assembly
- Completed reload, in  1.901 seconds
Platform modules already initialized, skipping
Refreshing native plugins compatible for Editor in 1.29 ms, found 2 plugins.
Preloading 0 native plugins for Editor in 0.00 ms.
Unloading 3402 Unused Serialized files (Serialized files now loaded: 0)
System memory in use before: 218.3 MB.
System memory in use after: 218.6 MB.

Unloading 13 unused Assets to reduce memory usage. Loaded Objects now: 3960.
Total: 4.675200 ms (FindLiveObjects: 0.557200 ms CreateObjectMapping: 0.197800 ms MarkObjects: 3.809100 ms  DeleteObjects: 0.108600 ms)

========================================================================
Received Prepare
Registering precompiled user dll's ...
Registered in 0.005170 seconds.
Begin MonoManager ReloadAssembly
Native extension for WindowsStandalone target not found
Refreshing native plugins compatible for Editor in 1.60 ms, found 2 plugins.
Preloading 0 native plugins for Editor in 0.00 ms.
Mono: successfully reloaded assembly
- Completed reload, in  1.835 seconds
Platform modules already initialized, skipping
Refreshing native plugins compatible for Editor in 1.36 ms, found 2 plugins.
Preloading 0 native plugins for Editor in 0.00 ms.
Unloading 3401 Unused Serialized files (Serialized files now loaded: 0)
System memory in use before: 218.3 MB.
System memory in use after: 218.5 MB.

Unloading 13 unused Assets to reduce memory usage. Loaded Objects now: 3964.
Total: 4.811300 ms (FindLiveObjects: 0.506300 ms CreateObjectMapping: 0.278600 ms MarkObjects: 3.917400 ms  DeleteObjects: 0.105800 ms)

========================================================================
Received Prepare
Registering precompiled user dll's ...
Registered in 0.009567 seconds.
Begin MonoManager ReloadAssembly
Native extension for WindowsStandalone target not found
Refreshing native plugins compatible for Editor in 1.67 ms, found 2 plugins.
Preloading 0 native plugins for Editor in 0.00 ms.
Mono: successfully reloaded assembly
- Completed reload, in  2.679 seconds
Platform modules already initialized, skipping
Refreshing native plugins compatible for Editor in 2.07 ms, found 2 plugins.
Preloading 0 native plugins for Editor in 0.00 ms.
Unloading 3401 Unused Serialized files (Serialized files now loaded: 0)
System memory in use before: 218.3 MB.
System memory in use after: 218.6 MB.

Unloading 13 unused Assets to reduce memory usage. Loaded Objects now: 3968.
Total: 5.659300 ms (FindLiveObjects: 0.602800 ms CreateObjectMapping: 0.223800 ms MarkObjects: 4.708900 ms  DeleteObjects: 0.121300 ms)

========================================================================
Received Prepare
Registering precompiled user dll's ...
Registered in 0.007884 seconds.
Begin MonoManager ReloadAssembly
Native extension for WindowsStandalone target not found
Refreshing native plugins compatible for Editor in 1.35 ms, found 2 plugins.
Preloading 0 native plugins for Editor in 0.00 ms.
Mono: successfully reloaded assembly
- Completed reload, in  1.840 seconds
Platform modules already initialized, skipping
Refreshing native plugins compatible for Editor in 1.31 ms, found 2 plugins.
Preloading 0 native plugins for Editor in 0.00 ms.
Unloading 3401 Unused Serialized files (Serialized files now loaded: 0)
System memory in use before: 218.4 MB.
System memory in use after: 218.6 MB.

Unloading 13 unused Assets to reduce memory usage. Loaded Objects now: 3972.
Total: 4.450900 ms (FindLiveObjects: 0.507200 ms CreateObjectMapping: 0.359900 ms MarkObjects: 3.480500 ms  DeleteObjects: 0.101100 ms)

========================================================================
Received Import Request.
  Time since last request: 101757.494576 seconds.
  path: Assets/Scripts/Builder
  artifactKey: Guid(1085ded33152ca445ad8b1c930d1bade) Importer(815301076,1909f56bfc062723c751e8b465ee728b)
Start importing Assets/Scripts/Builder using Guid(1085ded33152ca445ad8b1c930d1bade) Importer(815301076,1909f56bfc062723c751e8b465ee728b)  -> (artifact id: '3964eccc4a1727e39a9795610bcf9118') in 0.201103 seconds 
========================================================================
Received Import Request.
  Time since last request: 1.883119 seconds.
  path: Assets/Scripts/GameObjectBuilder.cs
  artifactKey: Guid(afbf4d31112002541ae629386522054e) Importer(815301076,1909f56bfc062723c751e8b465ee728b)
Start importing Assets/Scripts/GameObjectBuilder.cs using Guid(afbf4d31112002541ae629386522054e) Importer(815301076,1909f56bfc062723c751e8b465ee728b)  -> (artifact id: '139d8af2dd1a4aa9b9f379c74d9d74c7') in 0.017503 seconds 
========================================================================
Received Import Request.
  Time since last request: 11.198113 seconds.
  path: Assets/Scripts/Pools
  artifactKey: Guid(e6e7ed1513b49b04a855c2b5e92f02c9) Importer(815301076,1909f56bfc062723c751e8b465ee728b)
Start importing Assets/Scripts/Pools using Guid(e6e7ed1513b49b04a855c2b5e92f02c9) Importer(815301076,1909f56bfc062723c751e8b465ee728b)  -> (artifact id: '4da3049470847aaf4be310ef3516e362') in 0.018165 seconds 
========================================================================
Received Import Request.
  Time since last request: 5.739417 seconds.
  path: Assets/Scripts/EnemyPool.cs
  artifactKey: Guid(add5c38252ba42f42bc961039a5d9f7e) Importer(815301076,1909f56bfc062723c751e8b465ee728b)
Start importing Assets/Scripts/EnemyPool.cs using Guid(add5c38252ba42f42bc961039a5d9f7e) Importer(815301076,1909f56bfc062723c751e8b465ee728b)  -> (artifact id: '475e3e0d8a7518523a1ee5b6649b2d13') in 0.044181 seconds 
========================================================================
Received Import Request.
  Time since last request: 4.574578 seconds.
  path: Assets/Scripts/ParticleEngine.cs
  artifactKey: Guid(e646df5c8dfdccb4a9032926a7e1d8f2) Importer(815301076,1909f56bfc062723c751e8b465ee728b)
Start importing Assets/Scripts/ParticleEngine.cs using Guid(e646df5c8dfdccb4a9032926a7e1d8f2) Importer(815301076,1909f56bfc062723c751e8b465ee728b)  -> (artifact id: '2d99371b0ff0dd30569a7f36e7ff2154') in 0.035995 seconds 
========================================================================
Received Prepare
Registering precompiled user dll's ...
Registered in 0.006992 seconds.
Begin MonoManager ReloadAssembly
Native extension for WindowsStandalone target not found
Refreshing native plugins compatible for Editor in 3.45 ms, found 2 plugins.
Preloading 0 native plugins for Editor in 0.00 ms.
Mono: successfully reloaded assembly
- Completed reload, in 22.793 seconds
Platform modules already initialized, skipping
Refreshing native plugins compatible for Editor in 1.37 ms, found 2 plugins.
Preloading 0 native plugins for Editor in 0.00 ms.
Unloading 3400 Unused Serialized files (Serialized files now loaded: 0)
System memory in use before: 218.3 MB.
System memory in use after: 218.6 MB.

Unloading 14 unused Assets to reduce memory usage. Loaded Objects now: 3975.
Total: 15.028400 ms (FindLiveObjects: 0.687100 ms CreateObjectMapping: 0.219100 ms MarkObjects: 13.700000 ms  DeleteObjects: 0.419400 ms)

========================================================================
Received Prepare
Registering precompiled user dll's ...
Registered in 0.012475 seconds.
Begin MonoManager ReloadAssembly
Native extension for WindowsStandalone target not found
Refreshing native plugins compatible for Editor in 2.43 ms, found 2 plugins.
Preloading 0 native plugins for Editor in 0.00 ms.
Mono: successfully reloaded assembly
- Completed reload, in  2.414 seconds
Platform modules already initialized, skipping
Refreshing native plugins compatible for Editor in 2.04 ms, found 2 plugins.
Preloading 0 native plugins for Editor in 0.00 ms.
Unloading 3400 Unused Serialized files (Serialized files now loaded: 0)
System memory in use before: 218.4 MB.
System memory in use after: 218.6 MB.

Unloading 13 unused Assets to reduce memory usage. Loaded Objects now: 3979.
Total: 4.879200 ms (FindLiveObjects: 0.665500 ms CreateObjectMapping: 0.222800 ms MarkObjects: 3.866600 ms  DeleteObjects: 0.121500 ms)

========================================================================
Received Prepare
Registering precompiled user dll's ...
Registered in 0.005107 seconds.
Begin MonoManager ReloadAssembly
Native extension for WindowsStandalone target not found
Refreshing native plugins compatible for Editor in 2.01 ms, found 2 plugins.
Preloading 0 native plugins for Editor in 0.00 ms.
Mono: successfully reloaded assembly
- Completed reload, in  2.313 seconds
Platform modules already initialized, skipping
Refreshing native plugins compatible for Editor in 4.53 ms, found 2 plugins.
Preloading 0 native plugins for Editor in 0.00 ms.
Unloading 3400 Unused Serialized files (Serialized files now loaded: 0)
System memory in use before: 218.4 MB.
System memory in use after: 218.6 MB.

Unloading 13 unused Assets to reduce memory usage. Loaded Objects now: 3983.
Total: 5.373400 ms (FindLiveObjects: 0.596100 ms CreateObjectMapping: 0.185100 ms MarkObjects: 4.473400 ms  DeleteObjects: 0.116100 ms)

